/bg/modeChange
	KEYWORD="クルマ, 自動車, 車種, オートリース, 仕様, スペック, 諸元, ランキング, 比較"
	ERRER="user"

http,/bg/modeChange
	TITLE = "Car sagacité [カー サガシティ] 三菱オートリースの車種比較サイト"
	H1="気になるクルマをランキングから選んで比べよう! 三菱オートリースの車種比較サイト Car sagacité [カー サガシティ] では、ビジネスのクルマ選びをお手伝いします。"
	DESCRIPTION="気になるクルマをランキングから選んで比べよう! 三菱オートリースの車種比較サイト Car sagacité [カー サガシティ] では、ビジネスのクルマ選びをお手伝いします。"

https,/bg/modeChange
	TITLE = "Car sagacité+ [カー サガシティ+] 三菱オートリースの車種比較サイト"
	H1="気になるクルマをランキングから選んで比べよう! 三菱オートリースの車種比較サイト Car sagacité+ [カー サガシティ+] では、ビジネスのクルマ選びをお手伝いします。"
	DESCRIPTION="気になるクルマをランキングから選んで比べよう! 三菱オートリースの車種比較サイト Car sagacité+ [カー サガシティ+] では、ビジネスのクルマ選びをお手伝いします。"



/bg/modeChange/bp
	KEYWORD="クルマ, 自動車, 車種, オートリース, 仕様, スペック, 諸元, ランキング, 比較"
	ERRER="user"

http,/bg/modeChange/bp
	TITLE = "Car sagacité [カー サガシティ] 三菱オートリースの車種比較サイト"
	H1="気になるクルマをランキングから選んで比べよう! 三菱オートリースの車種比較サイト Car sagacité [カー サガシティ] では、ビジネスのクルマ選びをお手伝いします。"
	DESCRIPTION="気になるクルマをランキングから選んで比べよう! 三菱オートリースの車種比較サイト Car sagacité [カー サガシティ] では、ビジネスのクルマ選びをお手伝いします。"

https,/bg/modeChange/bp
	TITLE = "Car sagacité+ [カー サガシティ+] 三菱オートリースの車種比較サイト"
	H1="気になるクルマをランキングから選んで比べよう! 三菱オートリースの車種比較サイト Car sagacité+ [カー サガシティ+] では、ビジネスのクルマ選びをお手伝いします。"
	DESCRIPTION="気になるクルマをランキングから選んで比べよう! 三菱オートリースの車種比較サイト Car sagacité+ [カー サガシティ+] では、ビジネスのクルマ選びをお手伝いします。"



/bg/modeChange/ll
	KEYWORD="クルマ, 自動車, 車種, オートリース, 仕様, スペック, 諸元, ランキング, 比較"
	ERRER="user"

http,/bg/modeChange/ll
	TITLE = "Car sagacité [カー サガシティ] 三菱オートリースの車種比較サイト"
	H1="気になるクルマをランキングから選んで比べよう! 三菱オートリースの車種比較サイト Car sagacité [カー サガシティ] では、ビジネスのクルマ選びをお手伝いします。"
	DESCRIPTION="気になるクルマをランキングから選んで比べよう! 三菱オートリースの車種比較サイト Car sagacité [カー サガシティ] では、ビジネスのクルマ選びをお手伝いします。"

https,/bg/modeChange/ll
	TITLE = "Car sagacité+ [カー サガシティ+] 三菱オートリースの車種比較サイト"
	H1="気になるクルマをランキングから選んで比べよう! 三菱オートリースの車種比較サイト Car sagacité+ [カー サガシティ+] では、ビジネスのクルマ選びをお手伝いします。"
	DESCRIPTION="気になるクルマをランキングから選んで比べよう! 三菱オートリースの車種比較サイト Car sagacité+ [カー サガシティ+] では、ビジネスのクルマ選びをお手伝いします。"



/bg/modeChange/bc
	KEYWORD="クルマ, 自動車, 車種, オートリース, 仕様, スペック, 諸元, ランキング, 比較"
	ERRER="user"

http,/bg/modeChange/bc
	TITLE = "Car sagacité [カー サガシティ] 三菱オートリースの車種比較サイト"
	H1="気になるクルマをランキングから選んで比べよう! 三菱オートリースの車種比較サイト Car sagacité [カー サガシティ] では、ビジネスのクルマ選びをお手伝いします。"
	DESCRIPTION="気になるクルマをランキングから選んで比べよう! 三菱オートリースの車種比較サイト Car sagacité [カー サガシティ] では、ビジネスのクルマ選びをお手伝いします。"

https,/bg/modeChange/bc
	TITLE = "Car sagacité+ [カー サガシティ+] 三菱オートリースの車種比較サイト"
	H1="気になるクルマをランキングから選んで比べよう! 三菱オートリースの車種比較サイト Car sagacité+ [カー サガシティ+] では、ビジネスのクルマ選びをお手伝いします。"
	DESCRIPTION="気になるクルマをランキングから選んで比べよう! 三菱オートリースの車種比較サイト Car sagacité+ [カー サガシティ+] では、ビジネスのクルマ選びをお手伝いします。"

