// 使用開始日
carAddDate
	convert,   0,  carAddDateConvert
	convert,   0,  trim
	check,   100,  must,                 必須入力項目です
	check,   200,  dateFormat,           年月の形式が正しくありません
	check,   300,  validDate,            不正な年月が入力されました


// 走行距離
mileage
	check,   100,  leaseParamFormat(LM),
	check,   200,  leaseParamDrop,
	check,   300,  leaseMileageIDExist,   データが存在しません

// ガソリン価格(使用地域)
gasoline
	check,   100,  leaseParamFormat(LG),
	check,   200,  leaseParamDrop,
	check,   300,  leaseGasolineIDExist,   データが存在しません

// 任意保険
voluntaryInsurance
	check,   100,  leaseParamFormat(LA),
	check,   200,  leaseParamDrop,
	check,   300,  leaseAnyInsuranceIDExist,   データが存在しません

// オプション
option
	convert,   0,  paramExplode,
	check,   100,  leaseParamOptionFormat(LO),
	check,   200,  leaseParamOptionDrop,
