[2014-01-31T18:42:03+09:00] START
[2014-01-31T18:42:03+09:00] ERROR：【車種グレード】 車種グレード情報が登録されていません。
[2014-01-31T18:42:03+09:00]  makerCode -> 8 (スズキ)
[2014-01-31T18:42:03+09:00]  modelCode -> 24 (セルボ)
[2014-01-31T18:42:03+09:00]  s2wdCarGradeID
[2014-01-31T18:42:03+09:00]   carGradeID -> 0
[2014-01-31T18:42:03+09:00]   makerCode  -> 
[2014-01-31T18:42:03+09:00]   modelCode  -> 
[2014-01-31T18:42:03+09:00]   bodyType   -> 
[2014-01-31T18:42:03+09:00]  s4wdCarGradeID
[2014-01-31T18:42:03+09:00]   carGradeID -> 0
[2014-01-31T18:42:03+09:00]   makerCode  -> 
[2014-01-31T18:42:03+09:00]   modelCode  -> 
[2014-01-31T18:42:03+09:00]   bodyType   -> 
[2014-01-31T18:42:03+09:00]  lowPriceCarGradeID
[2014-01-31T18:42:03+09:00]   carGradeID -> 0
[2014-01-31T18:42:03+09:00]   makerCode  -> 
[2014-01-31T18:42:03+09:00]   modelCode  -> 
[2014-01-31T18:42:03+09:00]   bodyType   -> 
[2014-01-31T18:42:03+09:00] ERROR：【車種グレード】 車種グレード情報が登録されていません。
[2014-01-31T18:42:03+09:00]  makerCode -> 126 (アウディ)
[2014-01-31T18:42:03+09:00]  modelCode -> 4 (アウディ　Ａ３)
[2014-01-31T18:42:03+09:00]  s2wdCarGradeID
[2014-01-31T18:42:03+09:00]   carGradeID -> 0
[2014-01-31T18:42:03+09:00]   makerCode  -> 
[2014-01-31T18:42:03+09:00]   modelCode  -> 
[2014-01-31T18:42:03+09:00]   bodyType   -> 
[2014-01-31T18:42:03+09:00]  s4wdCarGradeID
[2014-01-31T18:42:03+09:00]   carGradeID -> 0
[2014-01-31T18:42:03+09:00]   makerCode  -> 
[2014-01-31T18:42:03+09:00]   modelCode  -> 
[2014-01-31T18:42:03+09:00]   bodyType   -> 
[2014-01-31T18:42:03+09:00]  lowPriceCarGradeID
[2014-01-31T18:42:03+09:00]   carGradeID -> 0
[2014-01-31T18:42:03+09:00]   makerCode  -> 
[2014-01-31T18:42:03+09:00]   modelCode  -> 
[2014-01-31T18:42:03+09:00]   bodyType   -> 
[2014-01-31T18:42:03+09:00] ERROR：【車種グレード】 車種グレード情報が登録されていません。
[2014-01-31T18:42:03+09:00]  makerCode -> 126 (アウディ)
[2014-01-31T18:42:03+09:00]  modelCode -> 40 (アウディ　ＴＴ　ＲＳ)
[2014-01-31T18:42:03+09:00]  s2wdCarGradeID
[2014-01-31T18:42:03+09:00]   carGradeID -> 0
[2014-01-31T18:42:03+09:00]   makerCode  -> 
[2014-01-31T18:42:03+09:00]   modelCode  -> 
[2014-01-31T18:42:03+09:00]   bodyType   -> 
[2014-01-31T18:42:03+09:00]  s4wdCarGradeID
[2014-01-31T18:42:03+09:00]   carGradeID -> 0
[2014-01-31T18:42:03+09:00]   makerCode  -> 
[2014-01-31T18:42:03+09:00]   modelCode  -> 
[2014-01-31T18:42:03+09:00]   bodyType   -> 
[2014-01-31T18:42:03+09:00]  lowPriceCarGradeID
[2014-01-31T18:42:03+09:00]   carGradeID -> 0
[2014-01-31T18:42:03+09:00]   makerCode  -> 
[2014-01-31T18:42:03+09:00]   modelCode  -> 
[2014-01-31T18:42:03+09:00]   bodyType   -> 
[2014-01-31T18:42:03+09:00] ERROR：【車種グレード】 車種グレード情報が登録されていません。
[2014-01-31T18:42:03+09:00]  makerCode -> 118 (ランドローバー)
[2014-01-31T18:42:03+09:00]  modelCode -> 7 (ランドローバー　レンジローバーヴォーグ)
[2014-01-31T18:42:03+09:00]  s2wdCarGradeID
[2014-01-31T18:42:03+09:00]   carGradeID -> 0
[2014-01-31T18:42:03+09:00]   makerCode  -> 
[2014-01-31T18:42:03+09:00]   modelCode  -> 
[2014-01-31T18:42:03+09:00]   bodyType   -> 
[2014-01-31T18:42:03+09:00]  s4wdCarGradeID
[2014-01-31T18:42:03+09:00]   carGradeID -> 0
[2014-01-31T18:42:03+09:00]   makerCode  -> 
[2014-01-31T18:42:03+09:00]   modelCode  -> 
[2014-01-31T18:42:03+09:00]   bodyType   -> 
[2014-01-31T18:42:03+09:00]  lowPriceCarGradeID
[2014-01-31T18:42:03+09:00]   carGradeID -> 0
[2014-01-31T18:42:03+09:00]   makerCode  -> 
[2014-01-31T18:42:03+09:00]   modelCode  -> 
[2014-01-31T18:42:03+09:00]   bodyType   -> 
[2014-01-31T18:42:03+09:00] ERROR：【車種グレード】 車種グレード情報が登録されていません。
[2014-01-31T18:42:03+09:00]  makerCode -> 141 (サーブ)
[2014-01-31T18:42:03+09:00]  modelCode -> 5 (サーブ　９－５　エステート)
[2014-01-31T18:42:03+09:00]  s2wdCarGradeID
[2014-01-31T18:42:03+09:00]   carGradeID -> 0
[2014-01-31T18:42:03+09:00]   makerCode  -> 
[2014-01-31T18:42:03+09:00]   modelCode  -> 
[2014-01-31T18:42:03+09:00]   bodyType   -> 
[2014-01-31T18:42:03+09:00]  s4wdCarGradeID
[2014-01-31T18:42:03+09:00]   carGradeID -> 0
[2014-01-31T18:42:03+09:00]   makerCode  -> 
[2014-01-31T18:42:03+09:00]   modelCode  -> 
[2014-01-31T18:42:03+09:00]   bodyType   -> 
[2014-01-31T18:42:03+09:00]  lowPriceCarGradeID
[2014-01-31T18:42:03+09:00]   carGradeID -> 0
[2014-01-31T18:42:03+09:00]   makerCode  -> 
[2014-01-31T18:42:03+09:00]   modelCode  -> 
[2014-01-31T18:42:03+09:00]   bodyType   -> 
[2014-01-31T18:42:03+09:00] ERROR：【車種グレード】 車種グレード情報が登録されていません。
[2014-01-31T18:42:03+09:00]  makerCode -> 999 (テスト)
[2014-01-31T18:42:03+09:00]  modelCode -> 1 (test)
[2014-01-31T18:42:03+09:00]  s2wdCarGradeID
[2014-01-31T18:42:03+09:00]   carGradeID -> 0
[2014-01-31T18:42:03+09:00]   makerCode  -> 
[2014-01-31T18:42:03+09:00]   modelCode  -> 
[2014-01-31T18:42:03+09:00]   bodyType   -> 
[2014-01-31T18:42:03+09:00]  s4wdCarGradeID
[2014-01-31T18:42:03+09:00]   carGradeID -> 0
[2014-01-31T18:42:03+09:00]   makerCode  -> 
[2014-01-31T18:42:03+09:00]   modelCode  -> 
[2014-01-31T18:42:03+09:00]   bodyType   -> 
[2014-01-31T18:42:03+09:00]  lowPriceCarGradeID
[2014-01-31T18:42:03+09:00]   carGradeID -> 0
[2014-01-31T18:42:03+09:00]   makerCode  -> 
[2014-01-31T18:42:03+09:00]   modelCode  -> 
[2014-01-31T18:42:03+09:00]   bodyType   -> 
[2014-01-31T18:42:03+09:00] ERROR：【代表車種グレード】 代表車種グレードが1つも選ばれていません。(車種グレード情報なし)
[2014-01-31T18:42:03+09:00]  makerCode -> 8 (スズキ)
[2014-01-31T18:42:03+09:00]  modelCode -> 24 (セルボ)
[2014-01-31T18:42:03+09:00]  s2wdCarGradeID
[2014-01-31T18:42:03+09:00]   carGradeID -> 0
[2014-01-31T18:42:03+09:00]   makerCode  -> 
[2014-01-31T18:42:03+09:00]   modelCode  -> 
[2014-01-31T18:42:03+09:00]   bodyType   -> 
[2014-01-31T18:42:03+09:00]  s4wdCarGradeID
[2014-01-31T18:42:03+09:00]   carGradeID -> 0
[2014-01-31T18:42:03+09:00]   makerCode  -> 
[2014-01-31T18:42:03+09:00]   modelCode  -> 
[2014-01-31T18:42:03+09:00]   bodyType   -> 
[2014-01-31T18:42:03+09:00]  lowPriceCarGradeID
[2014-01-31T18:42:03+09:00]   carGradeID -> 0
[2014-01-31T18:42:03+09:00]   makerCode  -> 
[2014-01-31T18:42:03+09:00]   modelCode  -> 
[2014-01-31T18:42:03+09:00]   bodyType   -> 
[2014-01-31T18:42:03+09:00] ERROR：【代表車種グレード】 代表車種グレードが1つも選ばれていません。(車種グレード情報なし)
[2014-01-31T18:42:03+09:00]  makerCode -> 126 (アウディ)
[2014-01-31T18:42:03+09:00]  modelCode -> 4 (アウディ　Ａ３)
[2014-01-31T18:42:03+09:00]  s2wdCarGradeID
[2014-01-31T18:42:03+09:00]   carGradeID -> 0
[2014-01-31T18:42:03+09:00]   makerCode  -> 
[2014-01-31T18:42:03+09:00]   modelCode  -> 
[2014-01-31T18:42:03+09:00]   bodyType   -> 
[2014-01-31T18:42:03+09:00]  s4wdCarGradeID
[2014-01-31T18:42:03+09:00]   carGradeID -> 0
[2014-01-31T18:42:03+09:00]   makerCode  -> 
[2014-01-31T18:42:03+09:00]   modelCode  -> 
[2014-01-31T18:42:03+09:00]   bodyType   -> 
[2014-01-31T18:42:03+09:00]  lowPriceCarGradeID
[2014-01-31T18:42:03+09:00]   carGradeID -> 0
[2014-01-31T18:42:03+09:00]   makerCode  -> 
[2014-01-31T18:42:03+09:00]   modelCode  -> 
[2014-01-31T18:42:03+09:00]   bodyType   -> 
[2014-01-31T18:42:03+09:00] ERROR：【代表車種グレード】 代表車種グレードが1つも選ばれていません。(車種グレード情報なし)
[2014-01-31T18:42:03+09:00]  makerCode -> 126 (アウディ)
[2014-01-31T18:42:03+09:00]  modelCode -> 40 (アウディ　ＴＴ　ＲＳ)
[2014-01-31T18:42:03+09:00]  s2wdCarGradeID
[2014-01-31T18:42:03+09:00]   carGradeID -> 0
[2014-01-31T18:42:03+09:00]   makerCode  -> 
[2014-01-31T18:42:03+09:00]   modelCode  -> 
[2014-01-31T18:42:03+09:00]   bodyType   -> 
[2014-01-31T18:42:03+09:00]  s4wdCarGradeID
[2014-01-31T18:42:03+09:00]   carGradeID -> 0
[2014-01-31T18:42:03+09:00]   makerCode  -> 
[2014-01-31T18:42:03+09:00]   modelCode  -> 
[2014-01-31T18:42:03+09:00]   bodyType   -> 
[2014-01-31T18:42:03+09:00]  lowPriceCarGradeID
[2014-01-31T18:42:03+09:00]   carGradeID -> 0
[2014-01-31T18:42:03+09:00]   makerCode  -> 
[2014-01-31T18:42:03+09:00]   modelCode  -> 
[2014-01-31T18:42:03+09:00]   bodyType   -> 
[2014-01-31T18:42:03+09:00] ERROR：【代表車種グレード】 代表車種グレードが1つも選ばれていません。(車種グレード情報なし)
[2014-01-31T18:42:03+09:00]  makerCode -> 118 (ランドローバー)
[2014-01-31T18:42:03+09:00]  modelCode -> 7 (ランドローバー　レンジローバーヴォーグ)
[2014-01-31T18:42:03+09:00]  s2wdCarGradeID
[2014-01-31T18:42:03+09:00]   carGradeID -> 0
[2014-01-31T18:42:03+09:00]   makerCode  -> 
[2014-01-31T18:42:03+09:00]   modelCode  -> 
[2014-01-31T18:42:03+09:00]   bodyType   -> 
[2014-01-31T18:42:03+09:00]  s4wdCarGradeID
[2014-01-31T18:42:03+09:00]   carGradeID -> 0
[2014-01-31T18:42:03+09:00]   makerCode  -> 
[2014-01-31T18:42:03+09:00]   modelCode  -> 
[2014-01-31T18:42:03+09:00]   bodyType   -> 
[2014-01-31T18:42:03+09:00]  lowPriceCarGradeID
[2014-01-31T18:42:03+09:00]   carGradeID -> 0
[2014-01-31T18:42:03+09:00]   makerCode  -> 
[2014-01-31T18:42:03+09:00]   modelCode  -> 
[2014-01-31T18:42:03+09:00]   bodyType   -> 
[2014-01-31T18:42:03+09:00] ERROR：【代表車種グレード】 代表車種グレードが1つも選ばれていません。(車種グレード情報なし)
[2014-01-31T18:42:03+09:00]  makerCode -> 141 (サーブ)
[2014-01-31T18:42:03+09:00]  modelCode -> 5 (サーブ　９－５　エステート)
[2014-01-31T18:42:03+09:00]  s2wdCarGradeID
[2014-01-31T18:42:03+09:00]   carGradeID -> 0
[2014-01-31T18:42:03+09:00]   makerCode  -> 
[2014-01-31T18:42:03+09:00]   modelCode  -> 
[2014-01-31T18:42:03+09:00]   bodyType   -> 
[2014-01-31T18:42:03+09:00]  s4wdCarGradeID
[2014-01-31T18:42:03+09:00]   carGradeID -> 0
[2014-01-31T18:42:03+09:00]   makerCode  -> 
[2014-01-31T18:42:03+09:00]   modelCode  -> 
[2014-01-31T18:42:03+09:00]   bodyType   -> 
[2014-01-31T18:42:03+09:00]  lowPriceCarGradeID
[2014-01-31T18:42:03+09:00]   carGradeID -> 0
[2014-01-31T18:42:03+09:00]   makerCode  -> 
[2014-01-31T18:42:03+09:00]   modelCode  -> 
[2014-01-31T18:42:03+09:00]   bodyType   -> 
[2014-01-31T18:42:03+09:00] ERROR：【代表車種グレード】 代表車種グレードが1つも選ばれていません。(車種グレード情報なし)
[2014-01-31T18:42:03+09:00]  makerCode -> 999 (テスト)
[2014-01-31T18:42:03+09:00]  modelCode -> 1 (test)
[2014-01-31T18:42:03+09:00]  s2wdCarGradeID
[2014-01-31T18:42:03+09:00]   carGradeID -> 0
[2014-01-31T18:42:03+09:00]   makerCode  -> 
[2014-01-31T18:42:03+09:00]   modelCode  -> 
[2014-01-31T18:42:03+09:00]   bodyType   -> 
[2014-01-31T18:42:03+09:00]  s4wdCarGradeID
[2014-01-31T18:42:03+09:00]   carGradeID -> 0
[2014-01-31T18:42:03+09:00]   makerCode  -> 
[2014-01-31T18:42:03+09:00]   modelCode  -> 
[2014-01-31T18:42:03+09:00]   bodyType   -> 
[2014-01-31T18:42:03+09:00]  lowPriceCarGradeID
[2014-01-31T18:42:03+09:00]   carGradeID -> 0
[2014-01-31T18:42:03+09:00]   makerCode  -> 
[2014-01-31T18:42:03+09:00]   modelCode  -> 
[2014-01-31T18:42:03+09:00]   bodyType   -> 
[2014-01-31T18:42:03+09:00] ERROR：【バリュー(おすすめ車種)】 バリュー自動設定の選定基準から外れたため、該当バリューが設定されてません。
[2014-01-31T18:42:03+09:00]  themeID          -> 39 (燃費がいい)
[2014-01-31T18:42:03+09:00]  bodyType         -> 3 (軽乗用車)
[2014-01-31T18:42:03+09:00]  makerCode        -> 8 (スズキ)
[2014-01-31T18:42:03+09:00]  modelCode        -> 8 (ワゴンＲ)
[2014-01-31T18:42:03+09:00]  s2wdCarGradeID
[2014-01-31T18:42:03+09:00]   carGradeID -> 7568
[2014-01-31T18:42:03+09:00]   makerCode  -> 8 (スズキ)
[2014-01-31T18:42:03+09:00]   modelCode  -> 8 (ワゴンＲ)
[2014-01-31T18:42:03+09:00]   bodyType   -> 3 (軽自動車)
[2014-01-31T18:42:03+09:00]  s4wdCarGradeID
[2014-01-31T18:42:03+09:00]   carGradeID -> 8534
[2014-01-31T18:42:03+09:00]   makerCode  -> 8 (スズキ)
[2014-01-31T18:42:03+09:00]   modelCode  -> 8 (ワゴンＲ)
[2014-01-31T18:42:03+09:00]   bodyType   -> 3 (軽自動車)
[2014-01-31T18:42:03+09:00]  lowPriceCarGradeID
[2014-01-31T18:42:03+09:00]   carGradeID -> 8036
[2014-01-31T18:42:03+09:00]   makerCode  -> 8 (スズキ)
[2014-01-31T18:42:03+09:00]   modelCode  -> 8 (ワゴンＲ)
[2014-01-31T18:42:03+09:00]   bodyType   -> 3 (軽自動車)
[2014-01-31T18:42:03+09:00] END
