[2014-02-13T17:35:03+09:00] START
[2014-02-13T17:35:03+09:00] ERROR：【代表車種グレード】 代表車種グレードが1つも選ばれていません。
[2014-02-13T17:35:03+09:00]  makerCode -> 1 (トヨタ)
[2014-02-13T17:35:03+09:00]  modelCode -> 139 (サクシードバン)
[2014-02-13T17:35:03+09:00]  s2wdCarGradeID
[2014-02-13T17:35:03+09:00]   carGradeID -> 0
[2014-02-13T17:35:03+09:00]   makerCode  -> 
[2014-02-13T17:35:03+09:00]   modelCode  -> 
[2014-02-13T17:35:03+09:00]   bodyType   -> 
[2014-02-13T17:35:03+09:00]  s4wdCarGradeID
[2014-02-13T17:35:03+09:00]   carGradeID -> 0
[2014-02-13T17:35:03+09:00]   makerCode  -> 
[2014-02-13T17:35:03+09:00]   modelCode  -> 
[2014-02-13T17:35:03+09:00]   bodyType   -> 
[2014-02-13T17:35:03+09:00]  lowPriceCarGradeID
[2014-02-13T17:35:03+09:00]   carGradeID -> 0
[2014-02-13T17:35:03+09:00]   makerCode  -> 
[2014-02-13T17:35:03+09:00]   modelCode  -> 
[2014-02-13T17:35:03+09:00]   bodyType   -> 
[2014-02-13T17:35:03+09:00] ERROR：【代表車種グレード】 代表車種グレードが1つも選ばれていません。
[2014-02-13T17:35:03+09:00]  makerCode -> 1 (トヨタ)
[2014-02-13T17:35:03+09:00]  modelCode -> 134 (タウンエースバン)
[2014-02-13T17:35:03+09:00]  s2wdCarGradeID
[2014-02-13T17:35:03+09:00]   carGradeID -> 0
[2014-02-13T17:35:03+09:00]   makerCode  -> 
[2014-02-13T17:35:03+09:00]   modelCode  -> 
[2014-02-13T17:35:03+09:00]   bodyType   -> 
[2014-02-13T17:35:03+09:00]  s4wdCarGradeID
[2014-02-13T17:35:03+09:00]   carGradeID -> 0
[2014-02-13T17:35:03+09:00]   makerCode  -> 
[2014-02-13T17:35:03+09:00]   modelCode  -> 
[2014-02-13T17:35:03+09:00]   bodyType   -> 
[2014-02-13T17:35:03+09:00]  lowPriceCarGradeID
[2014-02-13T17:35:03+09:00]   carGradeID -> 0
[2014-02-13T17:35:03+09:00]   makerCode  -> 
[2014-02-13T17:35:03+09:00]   modelCode  -> 
[2014-02-13T17:35:03+09:00]   bodyType   -> 
[2014-02-13T17:35:03+09:00] ERROR：【代表車種グレード】 代表車種グレードが1つも選ばれていません。
[2014-02-13T17:35:03+09:00]  makerCode -> 1 (トヨタ)
[2014-02-13T17:35:03+09:00]  modelCode -> 170 (ダイナバン)
[2014-02-13T17:35:03+09:00]  s2wdCarGradeID
[2014-02-13T17:35:03+09:00]   carGradeID -> 0
[2014-02-13T17:35:03+09:00]   makerCode  -> 
[2014-02-13T17:35:03+09:00]   modelCode  -> 
[2014-02-13T17:35:03+09:00]   bodyType   -> 
[2014-02-13T17:35:03+09:00]  s4wdCarGradeID
[2014-02-13T17:35:03+09:00]   carGradeID -> 0
[2014-02-13T17:35:03+09:00]   makerCode  -> 
[2014-02-13T17:35:03+09:00]   modelCode  -> 
[2014-02-13T17:35:03+09:00]   bodyType   -> 
[2014-02-13T17:35:03+09:00]  lowPriceCarGradeID
[2014-02-13T17:35:03+09:00]   carGradeID -> 0
[2014-02-13T17:35:03+09:00]   makerCode  -> 
[2014-02-13T17:35:03+09:00]   modelCode  -> 
[2014-02-13T17:35:03+09:00]   bodyType   -> 
[2014-02-13T17:35:03+09:00] ERROR：【代表車種グレード】 代表車種グレードが1つも選ばれていません。
[2014-02-13T17:35:03+09:00]  makerCode -> 1 (トヨタ)
[2014-02-13T17:35:03+09:00]  modelCode -> 172 (トヨエースバン)
[2014-02-13T17:35:03+09:00]  s2wdCarGradeID
[2014-02-13T17:35:03+09:00]   carGradeID -> 0
[2014-02-13T17:35:03+09:00]   makerCode  -> 
[2014-02-13T17:35:03+09:00]   modelCode  -> 
[2014-02-13T17:35:03+09:00]   bodyType   -> 
[2014-02-13T17:35:03+09:00]  s4wdCarGradeID
[2014-02-13T17:35:03+09:00]   carGradeID -> 0
[2014-02-13T17:35:03+09:00]   makerCode  -> 
[2014-02-13T17:35:03+09:00]   modelCode  -> 
[2014-02-13T17:35:03+09:00]   bodyType   -> 
[2014-02-13T17:35:03+09:00]  lowPriceCarGradeID
[2014-02-13T17:35:03+09:00]   carGradeID -> 0
[2014-02-13T17:35:03+09:00]   makerCode  -> 
[2014-02-13T17:35:03+09:00]   modelCode  -> 
[2014-02-13T17:35:03+09:00]   bodyType   -> 
[2014-02-13T17:35:03+09:00] ERROR：【代表車種グレード】 モデルチェンジなどのデータ入替により、代表車種グレードに選ばれている車種グレードが無くなりました。
[2014-02-13T17:35:03+09:00]  makerCode -> 1 (トヨタ)
[2014-02-13T17:35:03+09:00]  modelCode -> 69 (ノア)
[2014-02-13T17:35:03+09:00]  s2wdCarGradeID
[2014-02-13T17:35:03+09:00]   carGradeID -> 5550 [No data]
[2014-02-13T17:35:03+09:00]   makerCode  -> 
[2014-02-13T17:35:03+09:00]   modelCode  -> 
[2014-02-13T17:35:03+09:00]   bodyType   -> 
[2014-02-13T17:35:03+09:00]  s4wdCarGradeID
[2014-02-13T17:35:03+09:00]   carGradeID -> 5560 [No data]
[2014-02-13T17:35:03+09:00]   makerCode  -> 
[2014-02-13T17:35:03+09:00]   modelCode  -> 
[2014-02-13T17:35:03+09:00]   bodyType   -> 
[2014-02-13T17:35:03+09:00]  lowPriceCarGradeID
[2014-02-13T17:35:03+09:00]   carGradeID -> 5555 [No data]
[2014-02-13T17:35:03+09:00]   makerCode  -> 
[2014-02-13T17:35:03+09:00]   modelCode  -> 
[2014-02-13T17:35:03+09:00]   bodyType   -> 
[2014-02-13T17:35:03+09:00] ERROR：【代表車種グレード】 代表車種グレードが1つも選ばれていません。
[2014-02-13T17:35:03+09:00]  makerCode -> 1 (トヨタ)
[2014-02-13T17:35:03+09:00]  modelCode -> 240 (ノア　ハイブリッド)
[2014-02-13T17:35:03+09:00]  s2wdCarGradeID
[2014-02-13T17:35:03+09:00]   carGradeID -> 0
[2014-02-13T17:35:03+09:00]   makerCode  -> 
[2014-02-13T17:35:03+09:00]   modelCode  -> 
[2014-02-13T17:35:03+09:00]   bodyType   -> 
[2014-02-13T17:35:03+09:00]  s4wdCarGradeID
[2014-02-13T17:35:03+09:00]   carGradeID -> 0
[2014-02-13T17:35:03+09:00]   makerCode  -> 
[2014-02-13T17:35:03+09:00]   modelCode  -> 
[2014-02-13T17:35:03+09:00]   bodyType   -> 
[2014-02-13T17:35:03+09:00]  lowPriceCarGradeID
[2014-02-13T17:35:03+09:00]   carGradeID -> 0
[2014-02-13T17:35:03+09:00]   makerCode  -> 
[2014-02-13T17:35:03+09:00]   modelCode  -> 
[2014-02-13T17:35:03+09:00]   bodyType   -> 
[2014-02-13T17:35:03+09:00] ERROR：【代表車種グレード】 代表車種グレードが1つも選ばれていません。
[2014-02-13T17:35:03+09:00]  makerCode -> 1 (トヨタ)
[2014-02-13T17:35:03+09:00]  modelCode -> 226 (ピクシストラック)
[2014-02-13T17:35:03+09:00]  s2wdCarGradeID
[2014-02-13T17:35:03+09:00]   carGradeID -> 0
[2014-02-13T17:35:03+09:00]   makerCode  -> 
[2014-02-13T17:35:03+09:00]   modelCode  -> 
[2014-02-13T17:35:03+09:00]   bodyType   -> 
[2014-02-13T17:35:03+09:00]  s4wdCarGradeID
[2014-02-13T17:35:03+09:00]   carGradeID -> 0
[2014-02-13T17:35:03+09:00]   makerCode  -> 
[2014-02-13T17:35:03+09:00]   modelCode  -> 
[2014-02-13T17:35:03+09:00]   bodyType   -> 
[2014-02-13T17:35:03+09:00]  lowPriceCarGradeID
[2014-02-13T17:35:03+09:00]   carGradeID -> 0
[2014-02-13T17:35:03+09:00]   makerCode  -> 
[2014-02-13T17:35:03+09:00]   modelCode  -> 
[2014-02-13T17:35:03+09:00]   bodyType   -> 
[2014-02-13T17:35:03+09:00] ERROR：【代表車種グレード】 代表車種グレードが1つも選ばれていません。
[2014-02-13T17:35:03+09:00]  makerCode -> 1 (トヨタ)
[2014-02-13T17:35:03+09:00]  modelCode -> 227 (ピクシスバン)
[2014-02-13T17:35:03+09:00]  s2wdCarGradeID
[2014-02-13T17:35:03+09:00]   carGradeID -> 0
[2014-02-13T17:35:03+09:00]   makerCode  -> 
[2014-02-13T17:35:03+09:00]   modelCode  -> 
[2014-02-13T17:35:03+09:00]   bodyType   -> 
[2014-02-13T17:35:03+09:00]  s4wdCarGradeID
[2014-02-13T17:35:03+09:00]   carGradeID -> 0
[2014-02-13T17:35:03+09:00]   makerCode  -> 
[2014-02-13T17:35:03+09:00]   modelCode  -> 
[2014-02-13T17:35:03+09:00]   bodyType   -> 
[2014-02-13T17:35:03+09:00]  lowPriceCarGradeID
[2014-02-13T17:35:03+09:00]   carGradeID -> 0
[2014-02-13T17:35:03+09:00]   makerCode  -> 
[2014-02-13T17:35:03+09:00]   modelCode  -> 
[2014-02-13T17:35:03+09:00]   bodyType   -> 
[2014-02-13T17:35:03+09:00] ERROR：【代表車種グレード】 代表車種グレードが1つも選ばれていません。
[2014-02-13T17:35:03+09:00]  makerCode -> 1 (トヨタ)
[2014-02-13T17:35:03+09:00]  modelCode -> 144 (プロボックスバン)
[2014-02-13T17:35:03+09:00]  s2wdCarGradeID
[2014-02-13T17:35:03+09:00]   carGradeID -> 0
[2014-02-13T17:35:03+09:00]   makerCode  -> 
[2014-02-13T17:35:03+09:00]   modelCode  -> 
[2014-02-13T17:35:03+09:00]   bodyType   -> 
[2014-02-13T17:35:03+09:00]  s4wdCarGradeID
[2014-02-13T17:35:03+09:00]   carGradeID -> 0
[2014-02-13T17:35:03+09:00]   makerCode  -> 
[2014-02-13T17:35:03+09:00]   modelCode  -> 
[2014-02-13T17:35:03+09:00]   bodyType   -> 
[2014-02-13T17:35:03+09:00]  lowPriceCarGradeID
[2014-02-13T17:35:03+09:00]   carGradeID -> 0
[2014-02-13T17:35:03+09:00]   makerCode  -> 
[2014-02-13T17:35:03+09:00]   modelCode  -> 
[2014-02-13T17:35:03+09:00]   bodyType   -> 
[2014-02-13T17:35:03+09:00] ERROR：【代表車種グレード】 代表車種グレードが1つも選ばれていません。
[2014-02-13T17:35:03+09:00]  makerCode -> 1 (トヨタ)
[2014-02-13T17:35:03+09:00]  modelCode -> 132 (ライトエースバン)
[2014-02-13T17:35:03+09:00]  s2wdCarGradeID
[2014-02-13T17:35:03+09:00]   carGradeID -> 0
[2014-02-13T17:35:03+09:00]   makerCode  -> 
[2014-02-13T17:35:03+09:00]   modelCode  -> 
[2014-02-13T17:35:03+09:00]   bodyType   -> 
[2014-02-13T17:35:03+09:00]  s4wdCarGradeID
[2014-02-13T17:35:03+09:00]   carGradeID -> 0
[2014-02-13T17:35:03+09:00]   makerCode  -> 
[2014-02-13T17:35:03+09:00]   modelCode  -> 
[2014-02-13T17:35:03+09:00]   bodyType   -> 
[2014-02-13T17:35:03+09:00]  lowPriceCarGradeID
[2014-02-13T17:35:03+09:00]   carGradeID -> 0
[2014-02-13T17:35:03+09:00]   makerCode  -> 
[2014-02-13T17:35:03+09:00]   modelCode  -> 
[2014-02-13T17:35:03+09:00]   bodyType   -> 
[2014-02-13T17:35:03+09:00] ERROR：【代表車種グレード】 代表車種グレードが1つも選ばれていません。
[2014-02-13T17:35:03+09:00]  makerCode -> 1 (トヨタ)
[2014-02-13T17:35:03+09:00]  modelCode -> 110 (レジアスエースバン)
[2014-02-13T17:35:03+09:00]  s2wdCarGradeID
[2014-02-13T17:35:03+09:00]   carGradeID -> 0
[2014-02-13T17:35:03+09:00]   makerCode  -> 
[2014-02-13T17:35:03+09:00]   modelCode  -> 
[2014-02-13T17:35:03+09:00]   bodyType   -> 
[2014-02-13T17:35:03+09:00]  s4wdCarGradeID
[2014-02-13T17:35:03+09:00]   carGradeID -> 0
[2014-02-13T17:35:03+09:00]   makerCode  -> 
[2014-02-13T17:35:03+09:00]   modelCode  -> 
[2014-02-13T17:35:03+09:00]   bodyType   -> 
[2014-02-13T17:35:03+09:00]  lowPriceCarGradeID
[2014-02-13T17:35:03+09:00]   carGradeID -> 0
[2014-02-13T17:35:03+09:00]   makerCode  -> 
[2014-02-13T17:35:03+09:00]   modelCode  -> 
[2014-02-13T17:35:03+09:00]   bodyType   -> 
[2014-02-13T17:35:03+09:00] ERROR：【代表車種グレード】 モデルチェンジなどのデータ入替により、代表車種グレードに選ばれている車種グレードが無くなりました。
[2014-02-13T17:35:03+09:00]  makerCode -> 1 (トヨタ)
[2014-02-13T17:35:03+09:00]  modelCode -> 18 (ヴォクシー)
[2014-02-13T17:35:03+09:00]  s2wdCarGradeID
[2014-02-13T17:35:03+09:00]   carGradeID -> 122 [No data]
[2014-02-13T17:35:03+09:00]   makerCode  -> 
[2014-02-13T17:35:03+09:00]   modelCode  -> 
[2014-02-13T17:35:03+09:00]   bodyType   -> 
[2014-02-13T17:35:03+09:00]  s4wdCarGradeID
[2014-02-13T17:35:03+09:00]   carGradeID -> 137 [No data]
[2014-02-13T17:35:03+09:00]   makerCode  -> 
[2014-02-13T17:35:03+09:00]   modelCode  -> 
[2014-02-13T17:35:03+09:00]   bodyType   -> 
[2014-02-13T17:35:03+09:00]  lowPriceCarGradeID
[2014-02-13T17:35:03+09:00]   carGradeID -> 121 [No data]
[2014-02-13T17:35:03+09:00]   makerCode  -> 
[2014-02-13T17:35:03+09:00]   modelCode  -> 
[2014-02-13T17:35:03+09:00]   bodyType   -> 
[2014-02-13T17:35:03+09:00] ERROR：【代表車種グレード】 代表車種グレードが1つも選ばれていません。
[2014-02-13T17:35:03+09:00]  makerCode -> 1 (トヨタ)
[2014-02-13T17:35:03+09:00]  modelCode -> 241 (ヴォクシー　ハイブリッド)
[2014-02-13T17:35:03+09:00]  s2wdCarGradeID
[2014-02-13T17:35:03+09:00]   carGradeID -> 0
[2014-02-13T17:35:03+09:00]   makerCode  -> 
[2014-02-13T17:35:03+09:00]   modelCode  -> 
[2014-02-13T17:35:03+09:00]   bodyType   -> 
[2014-02-13T17:35:03+09:00]  s4wdCarGradeID
[2014-02-13T17:35:03+09:00]   carGradeID -> 0
[2014-02-13T17:35:03+09:00]   makerCode  -> 
[2014-02-13T17:35:03+09:00]   modelCode  -> 
[2014-02-13T17:35:03+09:00]   bodyType   -> 
[2014-02-13T17:35:03+09:00]  lowPriceCarGradeID
[2014-02-13T17:35:03+09:00]   carGradeID -> 0
[2014-02-13T17:35:03+09:00]   makerCode  -> 
[2014-02-13T17:35:03+09:00]   modelCode  -> 
[2014-02-13T17:35:03+09:00]   bodyType   -> 
[2014-02-13T17:35:03+09:00] ERROR：【代表車種グレード】 モデルチェンジなどのデータ入替により、代表車種グレードに選ばれている車種グレードが無くなりました。
[2014-02-13T17:35:03+09:00]  makerCode -> 2 (日産)
[2014-02-13T17:35:03+09:00]  modelCode -> 13 (エルグランド)
[2014-02-13T17:35:03+09:00]  s2wdCarGradeID
[2014-02-13T17:35:03+09:00]   carGradeID -> 7838 [No data]
[2014-02-13T17:35:03+09:00]   makerCode  -> 
[2014-02-13T17:35:03+09:00]   modelCode  -> 
[2014-02-13T17:35:03+09:00]   bodyType   -> 
[2014-02-13T17:35:03+09:00]  s4wdCarGradeID
[2014-02-13T17:35:03+09:00]   carGradeID -> 7861 [No data]
[2014-02-13T17:35:03+09:00]   makerCode  -> 
[2014-02-13T17:35:03+09:00]   modelCode  -> 
[2014-02-13T17:35:03+09:00]   bodyType   -> 
[2014-02-13T17:35:03+09:00]  lowPriceCarGradeID
[2014-02-13T17:35:03+09:00]   carGradeID -> 7841 [No data]
[2014-02-13T17:35:03+09:00]   makerCode  -> 
[2014-02-13T17:35:03+09:00]   modelCode  -> 
[2014-02-13T17:35:03+09:00]   bodyType   -> 
[2014-02-13T17:35:03+09:00] ERROR：【代表車種グレード】 モデルチェンジなどのデータ入替により、代表車種グレードに選ばれている車種グレードが無くなりました。
[2014-02-13T17:35:03+09:00]  makerCode -> 2 (日産)
[2014-02-13T17:35:03+09:00]  modelCode -> 110 (ティアナ)
[2014-02-13T17:35:03+09:00]  s2wdCarGradeID
[2014-02-13T17:35:03+09:00]   carGradeID -> 5764 [No data]
[2014-02-13T17:35:03+09:00]   makerCode  -> 
[2014-02-13T17:35:03+09:00]   modelCode  -> 
[2014-02-13T17:35:03+09:00]   bodyType   -> 
[2014-02-13T17:35:03+09:00]  s4wdCarGradeID
[2014-02-13T17:35:03+09:00]   carGradeID -> 5765 [No data]
[2014-02-13T17:35:03+09:00]   makerCode  -> 
[2014-02-13T17:35:03+09:00]   modelCode  -> 
[2014-02-13T17:35:03+09:00]   bodyType   -> 
[2014-02-13T17:35:03+09:00]  lowPriceCarGradeID
[2014-02-13T17:35:03+09:00]   carGradeID -> 5756 [No data]
[2014-02-13T17:35:03+09:00]   makerCode  -> 
[2014-02-13T17:35:03+09:00]   modelCode  -> 
[2014-02-13T17:35:03+09:00]   bodyType   -> 
[2014-02-13T17:35:03+09:00] ERROR：【代表車種グレード】 モデルチェンジなどのデータ入替により、代表車種グレードに選ばれている車種グレードが無くなりました。
[2014-02-13T17:35:03+09:00]  makerCode -> 2 (日産)
[2014-02-13T17:35:03+09:00]  modelCode -> 119 (ノート)
[2014-02-13T17:35:03+09:00]  s2wdCarGradeID
[2014-02-13T17:35:03+09:00]   carGradeID -> 7470 [No data]
[2014-02-13T17:35:03+09:00]   makerCode  -> 
[2014-02-13T17:35:03+09:00]   modelCode  -> 
[2014-02-13T17:35:03+09:00]   bodyType   -> 
[2014-02-13T17:35:03+09:00]  s4wdCarGradeID
[2014-02-13T17:35:03+09:00]   carGradeID -> 8113 [No data]
[2014-02-13T17:35:03+09:00]   makerCode  -> 
[2014-02-13T17:35:03+09:00]   modelCode  -> 
[2014-02-13T17:35:03+09:00]   bodyType   -> 
[2014-02-13T17:35:03+09:00]  lowPriceCarGradeID
[2014-02-13T17:35:03+09:00]   carGradeID -> 7469 [No data]
[2014-02-13T17:35:03+09:00]   makerCode  -> 
[2014-02-13T17:35:03+09:00]   modelCode  -> 
[2014-02-13T17:35:03+09:00]   bodyType   -> 
[2014-02-13T17:35:03+09:00] ERROR：【代表車種グレード】 代表車種グレードが1つも選ばれていません。
[2014-02-13T17:35:03+09:00]  makerCode -> 2 (日産)
[2014-02-13T17:35:03+09:00]  modelCode -> 145 (ＡＤ)
[2014-02-13T17:35:03+09:00]  s2wdCarGradeID
[2014-02-13T17:35:03+09:00]   carGradeID -> 0
[2014-02-13T17:35:03+09:00]   makerCode  -> 
[2014-02-13T17:35:03+09:00]   modelCode  -> 
[2014-02-13T17:35:03+09:00]   bodyType   -> 
[2014-02-13T17:35:03+09:00]  s4wdCarGradeID
[2014-02-13T17:35:03+09:00]   carGradeID -> 0
[2014-02-13T17:35:03+09:00]   makerCode  -> 
[2014-02-13T17:35:03+09:00]   modelCode  -> 
[2014-02-13T17:35:03+09:00]   bodyType   -> 
[2014-02-13T17:35:03+09:00]  lowPriceCarGradeID
[2014-02-13T17:35:03+09:00]   carGradeID -> 0
[2014-02-13T17:35:03+09:00]   makerCode  -> 
[2014-02-13T17:35:03+09:00]   modelCode  -> 
[2014-02-13T17:35:03+09:00]   bodyType   -> 
[2014-02-13T17:35:03+09:00] ERROR：【代表車種グレード】 代表車種グレードが1つも選ばれていません。
[2014-02-13T17:35:03+09:00]  makerCode -> 2 (日産)
[2014-02-13T17:35:03+09:00]  modelCode -> 144 (ＡＤ　エキスパート)
[2014-02-13T17:35:03+09:00]  s2wdCarGradeID
[2014-02-13T17:35:03+09:00]   carGradeID -> 0
[2014-02-13T17:35:03+09:00]   makerCode  -> 
[2014-02-13T17:35:03+09:00]   modelCode  -> 
[2014-02-13T17:35:03+09:00]   bodyType   -> 
[2014-02-13T17:35:03+09:00]  s4wdCarGradeID
[2014-02-13T17:35:03+09:00]   carGradeID -> 0
[2014-02-13T17:35:03+09:00]   makerCode  -> 
[2014-02-13T17:35:03+09:00]   modelCode  -> 
[2014-02-13T17:35:03+09:00]   bodyType   -> 
[2014-02-13T17:35:03+09:00]  lowPriceCarGradeID
[2014-02-13T17:35:03+09:00]   carGradeID -> 0
[2014-02-13T17:35:03+09:00]   makerCode  -> 
[2014-02-13T17:35:03+09:00]   modelCode  -> 
[2014-02-13T17:35:03+09:00]   bodyType   -> 
[2014-02-13T17:35:03+09:00] ERROR：【代表車種グレード】 代表車種グレードが1つも選ばれていません。
[2014-02-13T17:35:03+09:00]  makerCode -> 2 (日産)
[2014-02-13T17:35:03+09:00]  modelCode -> 161 (ＮＶ１００クリッパー)
[2014-02-13T17:35:03+09:00]  s2wdCarGradeID
[2014-02-13T17:35:03+09:00]   carGradeID -> 0
[2014-02-13T17:35:03+09:00]   makerCode  -> 
[2014-02-13T17:35:03+09:00]   modelCode  -> 
[2014-02-13T17:35:03+09:00]   bodyType   -> 
[2014-02-13T17:35:03+09:00]  s4wdCarGradeID
[2014-02-13T17:35:03+09:00]   carGradeID -> 0
[2014-02-13T17:35:03+09:00]   makerCode  -> 
[2014-02-13T17:35:03+09:00]   modelCode  -> 
[2014-02-13T17:35:03+09:00]   bodyType   -> 
[2014-02-13T17:35:03+09:00]  lowPriceCarGradeID
[2014-02-13T17:35:03+09:00]   carGradeID -> 0
[2014-02-13T17:35:03+09:00]   makerCode  -> 
[2014-02-13T17:35:03+09:00]   modelCode  -> 
[2014-02-13T17:35:03+09:00]   bodyType   -> 
[2014-02-13T17:35:03+09:00] ERROR：【代表車種グレード】 代表車種グレードが1つも選ばれていません。
[2014-02-13T17:35:03+09:00]  makerCode -> 3 (ホンダ)
[2014-02-13T17:35:03+09:00]  modelCode -> 58 (アクティトラック)
[2014-02-13T17:35:03+09:00]  s2wdCarGradeID
[2014-02-13T17:35:03+09:00]   carGradeID -> 0
[2014-02-13T17:35:03+09:00]   makerCode  -> 
[2014-02-13T17:35:03+09:00]   modelCode  -> 
[2014-02-13T17:35:03+09:00]   bodyType   -> 
[2014-02-13T17:35:03+09:00]  s4wdCarGradeID
[2014-02-13T17:35:03+09:00]   carGradeID -> 0
[2014-02-13T17:35:03+09:00]   makerCode  -> 
[2014-02-13T17:35:03+09:00]   modelCode  -> 
[2014-02-13T17:35:03+09:00]   bodyType   -> 
[2014-02-13T17:35:03+09:00]  lowPriceCarGradeID
[2014-02-13T17:35:03+09:00]   carGradeID -> 0
[2014-02-13T17:35:03+09:00]   makerCode  -> 
[2014-02-13T17:35:03+09:00]   modelCode  -> 
[2014-02-13T17:35:03+09:00]   bodyType   -> 
[2014-02-13T17:35:03+09:00] ERROR：【代表車種グレード】 代表車種グレードが1つも選ばれていません。
[2014-02-13T17:35:03+09:00]  makerCode -> 3 (ホンダ)
[2014-02-13T17:35:03+09:00]  modelCode -> 57 (アクティバン)
[2014-02-13T17:35:03+09:00]  s2wdCarGradeID
[2014-02-13T17:35:03+09:00]   carGradeID -> 0
[2014-02-13T17:35:03+09:00]   makerCode  -> 
[2014-02-13T17:35:03+09:00]   modelCode  -> 
[2014-02-13T17:35:03+09:00]   bodyType   -> 
[2014-02-13T17:35:03+09:00]  s4wdCarGradeID
[2014-02-13T17:35:03+09:00]   carGradeID -> 0
[2014-02-13T17:35:03+09:00]   makerCode  -> 
[2014-02-13T17:35:03+09:00]   modelCode  -> 
[2014-02-13T17:35:03+09:00]   bodyType   -> 
[2014-02-13T17:35:03+09:00]  lowPriceCarGradeID
[2014-02-13T17:35:03+09:00]   carGradeID -> 0
[2014-02-13T17:35:03+09:00]   makerCode  -> 
[2014-02-13T17:35:03+09:00]   modelCode  -> 
[2014-02-13T17:35:03+09:00]   bodyType   -> 
[2014-02-13T17:35:03+09:00] ERROR：【代表車種グレード】 代表車種グレードが1つも選ばれていません。
[2014-02-13T17:35:03+09:00]  makerCode -> 3 (ホンダ)
[2014-02-13T17:35:03+09:00]  modelCode -> 107 (アコードプラグインハイブリッド)
[2014-02-13T17:35:03+09:00]  s2wdCarGradeID
[2014-02-13T17:35:03+09:00]   carGradeID -> 0
[2014-02-13T17:35:03+09:00]   makerCode  -> 
[2014-02-13T17:35:03+09:00]   modelCode  -> 
[2014-02-13T17:35:03+09:00]   bodyType   -> 
[2014-02-13T17:35:03+09:00]  s4wdCarGradeID
[2014-02-13T17:35:03+09:00]   carGradeID -> 0
[2014-02-13T17:35:03+09:00]   makerCode  -> 
[2014-02-13T17:35:03+09:00]   modelCode  -> 
[2014-02-13T17:35:03+09:00]   bodyType   -> 
[2014-02-13T17:35:03+09:00]  lowPriceCarGradeID
[2014-02-13T17:35:03+09:00]   carGradeID -> 0
[2014-02-13T17:35:03+09:00]   makerCode  -> 
[2014-02-13T17:35:03+09:00]   modelCode  -> 
[2014-02-13T17:35:03+09:00]   bodyType   -> 
[2014-02-13T17:35:03+09:00] ERROR：【代表車種グレード】 代表車種グレードが1つも選ばれていません。
[2014-02-13T17:35:03+09:00]  makerCode -> 3 (ホンダ)
[2014-02-13T17:35:03+09:00]  modelCode -> 110 (ヴェゼル　ハイブリッド)
[2014-02-13T17:35:03+09:00]  s2wdCarGradeID
[2014-02-13T17:35:03+09:00]   carGradeID -> 0
[2014-02-13T17:35:03+09:00]   makerCode  -> 
[2014-02-13T17:35:03+09:00]   modelCode  -> 
[2014-02-13T17:35:03+09:00]   bodyType   -> 
[2014-02-13T17:35:03+09:00]  s4wdCarGradeID
[2014-02-13T17:35:03+09:00]   carGradeID -> 0
[2014-02-13T17:35:03+09:00]   makerCode  -> 
[2014-02-13T17:35:03+09:00]   modelCode  -> 
[2014-02-13T17:35:03+09:00]   bodyType   -> 
[2014-02-13T17:35:03+09:00]  lowPriceCarGradeID
[2014-02-13T17:35:03+09:00]   carGradeID -> 0
[2014-02-13T17:35:03+09:00]   makerCode  -> 
[2014-02-13T17:35:03+09:00]   modelCode  -> 
[2014-02-13T17:35:03+09:00]   bodyType   -> 
[2014-02-13T17:35:03+09:00] ERROR：【代表車種グレード】 モデルチェンジなどのデータ入替により、代表車種グレードに選ばれている車種グレードが無くなりました。
[2014-02-13T17:35:03+09:00]  makerCode -> 3 (ホンダ)
[2014-02-13T17:35:03+09:00]  modelCode -> 102 (Ｎ　ＢＯＸ)
[2014-02-13T17:35:03+09:00]  s2wdCarGradeID
[2014-02-13T17:35:03+09:00]   carGradeID -> 6920
[2014-02-13T17:35:03+09:00]   makerCode  -> 3 (ホンダ)
[2014-02-13T17:35:03+09:00]   modelCode  -> 102 (Ｎ　ＢＯＸ)
[2014-02-13T17:35:03+09:00]   bodyType   -> 3 (軽自動車)
[2014-02-13T17:35:03+09:00]  s4wdCarGradeID
[2014-02-13T17:35:03+09:00]   carGradeID -> 8358 [No data]
[2014-02-13T17:35:03+09:00]   makerCode  -> 
[2014-02-13T17:35:03+09:00]   modelCode  -> 
[2014-02-13T17:35:03+09:00]   bodyType   -> 
[2014-02-13T17:35:03+09:00]  lowPriceCarGradeID
[2014-02-13T17:35:03+09:00]   carGradeID -> 6918
[2014-02-13T17:35:03+09:00]   makerCode  -> 3 (ホンダ)
[2014-02-13T17:35:03+09:00]   modelCode  -> 102 (Ｎ　ＢＯＸ)
[2014-02-13T17:35:03+09:00]   bodyType   -> 3 (軽自動車)
[2014-02-13T17:35:03+09:00] ERROR：【代表車種グレード】 モデルチェンジなどのデータ入替により、代表車種グレードに選ばれている車種グレードが無くなりました。
[2014-02-13T17:35:03+09:00]  makerCode -> 3 (ホンダ)
[2014-02-13T17:35:03+09:00]  modelCode -> 103 (Ｎ　ＢＯＸ＋)
[2014-02-13T17:35:03+09:00]  s2wdCarGradeID
[2014-02-13T17:35:03+09:00]   carGradeID -> 7407 [No data]
[2014-02-13T17:35:03+09:00]   makerCode  -> 
[2014-02-13T17:35:03+09:00]   modelCode  -> 
[2014-02-13T17:35:03+09:00]   bodyType   -> 
[2014-02-13T17:35:03+09:00]  s4wdCarGradeID
[2014-02-13T17:35:03+09:00]   carGradeID -> 8366 [No data]
[2014-02-13T17:35:03+09:00]   makerCode  -> 
[2014-02-13T17:35:03+09:00]   modelCode  -> 
[2014-02-13T17:35:03+09:00]   bodyType   -> 
[2014-02-13T17:35:03+09:00]  lowPriceCarGradeID
[2014-02-13T17:35:03+09:00]   carGradeID -> 7398 [No data]
[2014-02-13T17:35:03+09:00]   makerCode  -> 
[2014-02-13T17:35:03+09:00]   modelCode  -> 
[2014-02-13T17:35:03+09:00]   bodyType   -> 
[2014-02-13T17:35:03+09:00] ERROR：【代表車種グレード】 代表車種グレードが1つも選ばれていません。
[2014-02-13T17:35:03+09:00]  makerCode -> 4 (三菱)
[2014-02-13T17:35:03+09:00]  modelCode -> 59 (デリカバン)
[2014-02-13T17:35:03+09:00]  s2wdCarGradeID
[2014-02-13T17:35:03+09:00]   carGradeID -> 0
[2014-02-13T17:35:03+09:00]   makerCode  -> 
[2014-02-13T17:35:03+09:00]   modelCode  -> 
[2014-02-13T17:35:03+09:00]   bodyType   -> 
[2014-02-13T17:35:03+09:00]  s4wdCarGradeID
[2014-02-13T17:35:03+09:00]   carGradeID -> 0
[2014-02-13T17:35:03+09:00]   makerCode  -> 
[2014-02-13T17:35:03+09:00]   modelCode  -> 
[2014-02-13T17:35:03+09:00]   bodyType   -> 
[2014-02-13T17:35:03+09:00]  lowPriceCarGradeID
[2014-02-13T17:35:03+09:00]   carGradeID -> 0
[2014-02-13T17:35:03+09:00]   makerCode  -> 
[2014-02-13T17:35:03+09:00]   modelCode  -> 
[2014-02-13T17:35:03+09:00]   bodyType   -> 
[2014-02-13T17:35:03+09:00] ERROR：【代表車種グレード】 代表車種グレードが1つも選ばれていません。
[2014-02-13T17:35:03+09:00]  makerCode -> 4 (三菱)
[2014-02-13T17:35:03+09:00]  modelCode -> 75 (ランサーカーゴ)
[2014-02-13T17:35:03+09:00]  s2wdCarGradeID
[2014-02-13T17:35:03+09:00]   carGradeID -> 0
[2014-02-13T17:35:03+09:00]   makerCode  -> 
[2014-02-13T17:35:03+09:00]   modelCode  -> 
[2014-02-13T17:35:03+09:00]   bodyType   -> 
[2014-02-13T17:35:03+09:00]  s4wdCarGradeID
[2014-02-13T17:35:03+09:00]   carGradeID -> 0
[2014-02-13T17:35:03+09:00]   makerCode  -> 
[2014-02-13T17:35:03+09:00]   modelCode  -> 
[2014-02-13T17:35:03+09:00]   bodyType   -> 
[2014-02-13T17:35:03+09:00]  lowPriceCarGradeID
[2014-02-13T17:35:03+09:00]   carGradeID -> 0
[2014-02-13T17:35:03+09:00]   makerCode  -> 
[2014-02-13T17:35:03+09:00]   modelCode  -> 
[2014-02-13T17:35:03+09:00]   bodyType   -> 
[2014-02-13T17:35:03+09:00] ERROR：【代表車種グレード】 代表車種グレードが1つも選ばれていません。
[2014-02-13T17:35:03+09:00]  makerCode -> 5 (マツダ)
[2014-02-13T17:35:03+09:00]  modelCode -> 59 (スクラムトラック)
[2014-02-13T17:35:03+09:00]  s2wdCarGradeID
[2014-02-13T17:35:03+09:00]   carGradeID -> 0
[2014-02-13T17:35:03+09:00]   makerCode  -> 
[2014-02-13T17:35:03+09:00]   modelCode  -> 
[2014-02-13T17:35:03+09:00]   bodyType   -> 
[2014-02-13T17:35:03+09:00]  s4wdCarGradeID
[2014-02-13T17:35:03+09:00]   carGradeID -> 0
[2014-02-13T17:35:03+09:00]   makerCode  -> 
[2014-02-13T17:35:03+09:00]   modelCode  -> 
[2014-02-13T17:35:03+09:00]   bodyType   -> 
[2014-02-13T17:35:03+09:00]  lowPriceCarGradeID
[2014-02-13T17:35:03+09:00]   carGradeID -> 0
[2014-02-13T17:35:03+09:00]   makerCode  -> 
[2014-02-13T17:35:03+09:00]   modelCode  -> 
[2014-02-13T17:35:03+09:00]   bodyType   -> 
[2014-02-13T17:35:03+09:00] ERROR：【代表車種グレード】 代表車種グレードが1つも選ばれていません。
[2014-02-13T17:35:03+09:00]  makerCode -> 5 (マツダ)
[2014-02-13T17:35:03+09:00]  modelCode -> 126 (スクラムバン)
[2014-02-13T17:35:03+09:00]  s2wdCarGradeID
[2014-02-13T17:35:03+09:00]   carGradeID -> 0
[2014-02-13T17:35:03+09:00]   makerCode  -> 
[2014-02-13T17:35:03+09:00]   modelCode  -> 
[2014-02-13T17:35:03+09:00]   bodyType   -> 
[2014-02-13T17:35:03+09:00]  s4wdCarGradeID
[2014-02-13T17:35:03+09:00]   carGradeID -> 0
[2014-02-13T17:35:03+09:00]   makerCode  -> 
[2014-02-13T17:35:03+09:00]   modelCode  -> 
[2014-02-13T17:35:03+09:00]   bodyType   -> 
[2014-02-13T17:35:03+09:00]  lowPriceCarGradeID
[2014-02-13T17:35:03+09:00]   carGradeID -> 0
[2014-02-13T17:35:03+09:00]   makerCode  -> 
[2014-02-13T17:35:03+09:00]   modelCode  -> 
[2014-02-13T17:35:03+09:00]   bodyType   -> 
[2014-02-13T17:35:03+09:00] ERROR：【代表車種グレード】 代表車種グレードが1つも選ばれていません。
[2014-02-13T17:35:03+09:00]  makerCode -> 5 (マツダ)
[2014-02-13T17:35:03+09:00]  modelCode -> 56 (ファミリアバン)
[2014-02-13T17:35:03+09:00]  s2wdCarGradeID
[2014-02-13T17:35:03+09:00]   carGradeID -> 0
[2014-02-13T17:35:03+09:00]   makerCode  -> 
[2014-02-13T17:35:03+09:00]   modelCode  -> 
[2014-02-13T17:35:03+09:00]   bodyType   -> 
[2014-02-13T17:35:03+09:00]  s4wdCarGradeID
[2014-02-13T17:35:03+09:00]   carGradeID -> 0
[2014-02-13T17:35:03+09:00]   makerCode  -> 
[2014-02-13T17:35:03+09:00]   modelCode  -> 
[2014-02-13T17:35:03+09:00]   bodyType   -> 
[2014-02-13T17:35:03+09:00]  lowPriceCarGradeID
[2014-02-13T17:35:03+09:00]   carGradeID -> 0
[2014-02-13T17:35:03+09:00]   makerCode  -> 
[2014-02-13T17:35:03+09:00]   modelCode  -> 
[2014-02-13T17:35:03+09:00]   bodyType   -> 
[2014-02-13T17:35:03+09:00] ERROR：【代表車種グレード】 代表車種グレードが1つも選ばれていません。
[2014-02-13T17:35:03+09:00]  makerCode -> 5 (マツダ)
[2014-02-13T17:35:03+09:00]  modelCode -> 152 (フレアクロスオーバー)
[2014-02-13T17:35:03+09:00]  s2wdCarGradeID
[2014-02-13T17:35:03+09:00]   carGradeID -> 0
[2014-02-13T17:35:03+09:00]   makerCode  -> 
[2014-02-13T17:35:03+09:00]   modelCode  -> 
[2014-02-13T17:35:03+09:00]   bodyType   -> 
[2014-02-13T17:35:03+09:00]  s4wdCarGradeID
[2014-02-13T17:35:03+09:00]   carGradeID -> 0
[2014-02-13T17:35:03+09:00]   makerCode  -> 
[2014-02-13T17:35:03+09:00]   modelCode  -> 
[2014-02-13T17:35:03+09:00]   bodyType   -> 
[2014-02-13T17:35:03+09:00]  lowPriceCarGradeID
[2014-02-13T17:35:03+09:00]   carGradeID -> 0
[2014-02-13T17:35:03+09:00]   makerCode  -> 
[2014-02-13T17:35:03+09:00]   modelCode  -> 
[2014-02-13T17:35:03+09:00]   bodyType   -> 
[2014-02-13T17:35:03+09:00] ERROR：【代表車種グレード】 代表車種グレードが1つも選ばれていません。
[2014-02-13T17:35:03+09:00]  makerCode -> 5 (マツダ)
[2014-02-13T17:35:03+09:00]  modelCode -> 57 (ボンゴバン)
[2014-02-13T17:35:03+09:00]  s2wdCarGradeID
[2014-02-13T17:35:03+09:00]   carGradeID -> 0
[2014-02-13T17:35:03+09:00]   makerCode  -> 
[2014-02-13T17:35:03+09:00]   modelCode  -> 
[2014-02-13T17:35:03+09:00]   bodyType   -> 
[2014-02-13T17:35:03+09:00]  s4wdCarGradeID
[2014-02-13T17:35:03+09:00]   carGradeID -> 0
[2014-02-13T17:35:03+09:00]   makerCode  -> 
[2014-02-13T17:35:03+09:00]   modelCode  -> 
[2014-02-13T17:35:03+09:00]   bodyType   -> 
[2014-02-13T17:35:03+09:00]  lowPriceCarGradeID
[2014-02-13T17:35:03+09:00]   carGradeID -> 0
[2014-02-13T17:35:03+09:00]   makerCode  -> 
[2014-02-13T17:35:03+09:00]   modelCode  -> 
[2014-02-13T17:35:03+09:00]   bodyType   -> 
[2014-02-13T17:35:03+09:00] ERROR：【代表車種グレード】 モデルチェンジなどのデータ入替により、代表車種グレードに選ばれている車種グレードが無くなりました。
[2014-02-13T17:35:03+09:00]  makerCode -> 7 (スバル)
[2014-02-13T17:35:03+09:00]  modelCode -> 3 (インプレッサ)
[2014-02-13T17:35:03+09:00]  s2wdCarGradeID
[2014-02-13T17:35:03+09:00]   carGradeID -> 0
[2014-02-13T17:35:03+09:00]   makerCode  -> 
[2014-02-13T17:35:03+09:00]   modelCode  -> 
[2014-02-13T17:35:03+09:00]   bodyType   -> 
[2014-02-13T17:35:03+09:00]  s4wdCarGradeID
[2014-02-13T17:35:03+09:00]   carGradeID -> 8502 [No data]
[2014-02-13T17:35:03+09:00]   makerCode  -> 
[2014-02-13T17:35:03+09:00]   modelCode  -> 
[2014-02-13T17:35:03+09:00]   bodyType   -> 
[2014-02-13T17:35:03+09:00]  lowPriceCarGradeID
[2014-02-13T17:35:03+09:00]   carGradeID -> 5701
[2014-02-13T17:35:03+09:00]   makerCode  -> 7 (スバル)
[2014-02-13T17:35:03+09:00]   modelCode  -> 3 (インプレッサ)
[2014-02-13T17:35:03+09:00]   bodyType   -> 1 (セダン)
[2014-02-13T17:35:03+09:00] ERROR：【代表車種グレード】 代表車種グレードが1つも選ばれていません。
[2014-02-13T17:35:03+09:00]  makerCode -> 7 (スバル)
[2014-02-13T17:35:03+09:00]  modelCode -> 44 (サンバーバン)
[2014-02-13T17:35:03+09:00]  s2wdCarGradeID
[2014-02-13T17:35:03+09:00]   carGradeID -> 0
[2014-02-13T17:35:03+09:00]   makerCode  -> 
[2014-02-13T17:35:03+09:00]   modelCode  -> 
[2014-02-13T17:35:03+09:00]   bodyType   -> 
[2014-02-13T17:35:03+09:00]  s4wdCarGradeID
[2014-02-13T17:35:03+09:00]   carGradeID -> 0
[2014-02-13T17:35:03+09:00]   makerCode  -> 
[2014-02-13T17:35:03+09:00]   modelCode  -> 
[2014-02-13T17:35:03+09:00]   bodyType   -> 
[2014-02-13T17:35:03+09:00]  lowPriceCarGradeID
[2014-02-13T17:35:03+09:00]   carGradeID -> 0
[2014-02-13T17:35:03+09:00]   makerCode  -> 
[2014-02-13T17:35:03+09:00]   modelCode  -> 
[2014-02-13T17:35:03+09:00]   bodyType   -> 
[2014-02-13T17:35:03+09:00] ERROR：【代表車種グレード】 代表車種グレードが1つも選ばれていません。
[2014-02-13T17:35:03+09:00]  makerCode -> 8 (スズキ)
[2014-02-13T17:35:03+09:00]  modelCode -> 40 (アルトバン)
[2014-02-13T17:35:03+09:00]  s2wdCarGradeID
[2014-02-13T17:35:03+09:00]   carGradeID -> 0
[2014-02-13T17:35:03+09:00]   makerCode  -> 
[2014-02-13T17:35:03+09:00]   modelCode  -> 
[2014-02-13T17:35:03+09:00]   bodyType   -> 
[2014-02-13T17:35:03+09:00]  s4wdCarGradeID
[2014-02-13T17:35:03+09:00]   carGradeID -> 0
[2014-02-13T17:35:03+09:00]   makerCode  -> 
[2014-02-13T17:35:03+09:00]   modelCode  -> 
[2014-02-13T17:35:03+09:00]   bodyType   -> 
[2014-02-13T17:35:03+09:00]  lowPriceCarGradeID
[2014-02-13T17:35:03+09:00]   carGradeID -> 0
[2014-02-13T17:35:03+09:00]   makerCode  -> 
[2014-02-13T17:35:03+09:00]   modelCode  -> 
[2014-02-13T17:35:03+09:00]   bodyType   -> 
[2014-02-13T17:35:03+09:00] ERROR：【代表車種グレード】 代表車種グレードが1つも選ばれていません。
[2014-02-13T17:35:03+09:00]  makerCode -> 8 (スズキ)
[2014-02-13T17:35:03+09:00]  modelCode -> 34 (エブリイ)
[2014-02-13T17:35:03+09:00]  s2wdCarGradeID
[2014-02-13T17:35:03+09:00]   carGradeID -> 0
[2014-02-13T17:35:03+09:00]   makerCode  -> 
[2014-02-13T17:35:03+09:00]   modelCode  -> 
[2014-02-13T17:35:03+09:00]   bodyType   -> 
[2014-02-13T17:35:03+09:00]  s4wdCarGradeID
[2014-02-13T17:35:03+09:00]   carGradeID -> 0
[2014-02-13T17:35:03+09:00]   makerCode  -> 
[2014-02-13T17:35:03+09:00]   modelCode  -> 
[2014-02-13T17:35:03+09:00]   bodyType   -> 
[2014-02-13T17:35:03+09:00]  lowPriceCarGradeID
[2014-02-13T17:35:03+09:00]   carGradeID -> 0
[2014-02-13T17:35:03+09:00]   makerCode  -> 
[2014-02-13T17:35:03+09:00]   modelCode  -> 
[2014-02-13T17:35:03+09:00]   bodyType   -> 
[2014-02-13T17:35:03+09:00] ERROR：【代表車種グレード】 代表車種グレードが1つも選ばれていません。
[2014-02-13T17:35:03+09:00]  makerCode -> 8 (スズキ)
[2014-02-13T17:35:03+09:00]  modelCode -> 33 (キャリイトラック)
[2014-02-13T17:35:03+09:00]  s2wdCarGradeID
[2014-02-13T17:35:03+09:00]   carGradeID -> 0
[2014-02-13T17:35:03+09:00]   makerCode  -> 
[2014-02-13T17:35:03+09:00]   modelCode  -> 
[2014-02-13T17:35:03+09:00]   bodyType   -> 
[2014-02-13T17:35:03+09:00]  s4wdCarGradeID
[2014-02-13T17:35:03+09:00]   carGradeID -> 0
[2014-02-13T17:35:03+09:00]   makerCode  -> 
[2014-02-13T17:35:03+09:00]   modelCode  -> 
[2014-02-13T17:35:03+09:00]   bodyType   -> 
[2014-02-13T17:35:03+09:00]  lowPriceCarGradeID
[2014-02-13T17:35:03+09:00]   carGradeID -> 0
[2014-02-13T17:35:03+09:00]   makerCode  -> 
[2014-02-13T17:35:03+09:00]   modelCode  -> 
[2014-02-13T17:35:03+09:00]   bodyType   -> 
[2014-02-13T17:35:03+09:00] ERROR：【代表車種グレード】 代表車種グレードが1つも選ばれていません。
[2014-02-13T17:35:03+09:00]  makerCode -> 8 (スズキ)
[2014-02-13T17:35:03+09:00]  modelCode -> 68 (ハスラー)
[2014-02-13T17:35:03+09:00]  s2wdCarGradeID
[2014-02-13T17:35:03+09:00]   carGradeID -> 0
[2014-02-13T17:35:03+09:00]   makerCode  -> 
[2014-02-13T17:35:03+09:00]   modelCode  -> 
[2014-02-13T17:35:03+09:00]   bodyType   -> 
[2014-02-13T17:35:03+09:00]  s4wdCarGradeID
[2014-02-13T17:35:03+09:00]   carGradeID -> 0
[2014-02-13T17:35:03+09:00]   makerCode  -> 
[2014-02-13T17:35:03+09:00]   modelCode  -> 
[2014-02-13T17:35:03+09:00]   bodyType   -> 
[2014-02-13T17:35:03+09:00]  lowPriceCarGradeID
[2014-02-13T17:35:03+09:00]   carGradeID -> 0
[2014-02-13T17:35:03+09:00]   makerCode  -> 
[2014-02-13T17:35:03+09:00]   modelCode  -> 
[2014-02-13T17:35:03+09:00]   bodyType   -> 
[2014-02-13T17:35:03+09:00] ERROR：【代表車種グレード】 モデルチェンジなどのデータ入替により、代表車種グレードに選ばれている車種グレードが無くなりました。
[2014-02-13T17:35:03+09:00]  makerCode -> 8 (スズキ)
[2014-02-13T17:35:03+09:00]  modelCode -> 53 (ランディ)
[2014-02-13T17:35:03+09:00]  s2wdCarGradeID
[2014-02-13T17:35:03+09:00]   carGradeID -> 7464 [No data]
[2014-02-13T17:35:03+09:00]   makerCode  -> 
[2014-02-13T17:35:03+09:00]   modelCode  -> 
[2014-02-13T17:35:03+09:00]   bodyType   -> 
[2014-02-13T17:35:03+09:00]  s4wdCarGradeID
[2014-02-13T17:35:03+09:00]   carGradeID -> 7466 [No data]
[2014-02-13T17:35:03+09:00]   makerCode  -> 
[2014-02-13T17:35:03+09:00]   modelCode  -> 
[2014-02-13T17:35:03+09:00]   bodyType   -> 
[2014-02-13T17:35:03+09:00]  lowPriceCarGradeID
[2014-02-13T17:35:03+09:00]   carGradeID -> 7463
[2014-02-13T17:35:03+09:00]   makerCode  -> 8 (スズキ)
[2014-02-13T17:35:03+09:00]   modelCode  -> 53 (ランディ)
[2014-02-13T17:35:03+09:00]   bodyType   -> 7 (ミニバン)
[2014-02-13T17:35:03+09:00] ERROR：【代表車種グレード】 代表車種グレードが1つも選ばれていません。
[2014-02-13T17:35:03+09:00]  makerCode -> 8 (スズキ)
[2014-02-13T17:35:03+09:00]  modelCode -> 999 (ランディハイブリッド)
[2014-02-13T17:35:03+09:00]  s2wdCarGradeID
[2014-02-13T17:35:03+09:00]   carGradeID -> 0
[2014-02-13T17:35:03+09:00]   makerCode  -> 
[2014-02-13T17:35:03+09:00]   modelCode  -> 
[2014-02-13T17:35:03+09:00]   bodyType   -> 
[2014-02-13T17:35:03+09:00]  s4wdCarGradeID
[2014-02-13T17:35:03+09:00]   carGradeID -> 0
[2014-02-13T17:35:03+09:00]   makerCode  -> 
[2014-02-13T17:35:03+09:00]   modelCode  -> 
[2014-02-13T17:35:03+09:00]   bodyType   -> 
[2014-02-13T17:35:03+09:00]  lowPriceCarGradeID
[2014-02-13T17:35:03+09:00]   carGradeID -> 0
[2014-02-13T17:35:03+09:00]   makerCode  -> 
[2014-02-13T17:35:03+09:00]   modelCode  -> 
[2014-02-13T17:35:03+09:00]   bodyType   -> 
[2014-02-13T17:35:03+09:00] ERROR：【代表車種グレード】 代表車種グレードが1つも選ばれていません。
[2014-02-13T17:35:03+09:00]  makerCode -> 9 (ダイハツ)
[2014-02-13T17:35:03+09:00]  modelCode -> 42 (ハイゼットカーゴ)
[2014-02-13T17:35:03+09:00]  s2wdCarGradeID
[2014-02-13T17:35:03+09:00]   carGradeID -> 0
[2014-02-13T17:35:03+09:00]   makerCode  -> 
[2014-02-13T17:35:03+09:00]   modelCode  -> 
[2014-02-13T17:35:03+09:00]   bodyType   -> 
[2014-02-13T17:35:03+09:00]  s4wdCarGradeID
[2014-02-13T17:35:03+09:00]   carGradeID -> 0
[2014-02-13T17:35:03+09:00]   makerCode  -> 
[2014-02-13T17:35:03+09:00]   modelCode  -> 
[2014-02-13T17:35:03+09:00]   bodyType   -> 
[2014-02-13T17:35:03+09:00]  lowPriceCarGradeID
[2014-02-13T17:35:03+09:00]   carGradeID -> 0
[2014-02-13T17:35:03+09:00]   makerCode  -> 
[2014-02-13T17:35:03+09:00]   modelCode  -> 
[2014-02-13T17:35:03+09:00]   bodyType   -> 
[2014-02-13T17:35:03+09:00] ERROR：【代表車種グレード】 代表車種グレードが1つも選ばれていません。
[2014-02-13T17:35:03+09:00]  makerCode -> 9 (ダイハツ)
[2014-02-13T17:35:03+09:00]  modelCode -> 37 (ハイゼットトラック)
[2014-02-13T17:35:03+09:00]  s2wdCarGradeID
[2014-02-13T17:35:03+09:00]   carGradeID -> 0
[2014-02-13T17:35:03+09:00]   makerCode  -> 
[2014-02-13T17:35:03+09:00]   modelCode  -> 
[2014-02-13T17:35:03+09:00]   bodyType   -> 
[2014-02-13T17:35:03+09:00]  s4wdCarGradeID
[2014-02-13T17:35:03+09:00]   carGradeID -> 0
[2014-02-13T17:35:03+09:00]   makerCode  -> 
[2014-02-13T17:35:03+09:00]   modelCode  -> 
[2014-02-13T17:35:03+09:00]   bodyType   -> 
[2014-02-13T17:35:03+09:00]  lowPriceCarGradeID
[2014-02-13T17:35:03+09:00]   carGradeID -> 0
[2014-02-13T17:35:03+09:00]   makerCode  -> 
[2014-02-13T17:35:03+09:00]   modelCode  -> 
[2014-02-13T17:35:03+09:00]   bodyType   -> 
[2014-02-13T17:35:03+09:00] ERROR：【代表車種グレード】 代表車種グレードが1つも選ばれていません。
[2014-02-13T17:35:03+09:00]  makerCode -> 9 (ダイハツ)
[2014-02-13T17:35:03+09:00]  modelCode -> 36 (ハイゼットバン)
[2014-02-13T17:35:03+09:00]  s2wdCarGradeID
[2014-02-13T17:35:03+09:00]   carGradeID -> 0
[2014-02-13T17:35:03+09:00]   makerCode  -> 
[2014-02-13T17:35:03+09:00]   modelCode  -> 
[2014-02-13T17:35:03+09:00]   bodyType   -> 
[2014-02-13T17:35:03+09:00]  s4wdCarGradeID
[2014-02-13T17:35:03+09:00]   carGradeID -> 0
[2014-02-13T17:35:03+09:00]   makerCode  -> 
[2014-02-13T17:35:03+09:00]   modelCode  -> 
[2014-02-13T17:35:03+09:00]   bodyType   -> 
[2014-02-13T17:35:03+09:00]  lowPriceCarGradeID
[2014-02-13T17:35:03+09:00]   carGradeID -> 0
[2014-02-13T17:35:03+09:00]   makerCode  -> 
[2014-02-13T17:35:03+09:00]   modelCode  -> 
[2014-02-13T17:35:03+09:00]   bodyType   -> 
[2014-02-13T17:35:03+09:00] ERROR：【代表車種グレード】 代表車種グレードが1つも選ばれていません。
[2014-02-13T17:35:03+09:00]  makerCode -> 9 (ダイハツ)
[2014-02-13T17:35:03+09:00]  modelCode -> 34 (ミラバン)
[2014-02-13T17:35:03+09:00]  s2wdCarGradeID
[2014-02-13T17:35:03+09:00]   carGradeID -> 0
[2014-02-13T17:35:03+09:00]   makerCode  -> 
[2014-02-13T17:35:03+09:00]   modelCode  -> 
[2014-02-13T17:35:03+09:00]   bodyType   -> 
[2014-02-13T17:35:03+09:00]  s4wdCarGradeID
[2014-02-13T17:35:03+09:00]   carGradeID -> 0
[2014-02-13T17:35:03+09:00]   makerCode  -> 
[2014-02-13T17:35:03+09:00]   modelCode  -> 
[2014-02-13T17:35:03+09:00]   bodyType   -> 
[2014-02-13T17:35:03+09:00]  lowPriceCarGradeID
[2014-02-13T17:35:03+09:00]   carGradeID -> 0
[2014-02-13T17:35:03+09:00]   makerCode  -> 
[2014-02-13T17:35:03+09:00]   modelCode  -> 
[2014-02-13T17:35:03+09:00]   bodyType   -> 
[2014-02-13T17:35:03+09:00] ERROR：【代表車種グレード】 モデルチェンジなどのデータ入替により、代表車種グレードに選ばれている車種グレードが無くなりました。
[2014-02-13T17:35:03+09:00]  makerCode -> 122 (ＡＭＧ)
[2014-02-13T17:35:03+09:00]  modelCode -> 20 (ＡＭＧ　Ａクラス)
[2014-02-13T17:35:03+09:00]  s2wdCarGradeID
[2014-02-13T17:35:03+09:00]   carGradeID -> 0
[2014-02-13T17:35:03+09:00]   makerCode  -> 
[2014-02-13T17:35:03+09:00]   modelCode  -> 
[2014-02-13T17:35:03+09:00]   bodyType   -> 
[2014-02-13T17:35:03+09:00]  s4wdCarGradeID
[2014-02-13T17:35:03+09:00]   carGradeID -> 8537 [No data]
[2014-02-13T17:35:03+09:00]   makerCode  -> 
[2014-02-13T17:35:03+09:00]   modelCode  -> 
[2014-02-13T17:35:03+09:00]   bodyType   -> 
[2014-02-13T17:35:03+09:00]  lowPriceCarGradeID
[2014-02-13T17:35:03+09:00]   carGradeID -> 8536
[2014-02-13T17:35:03+09:00]   makerCode  -> 122 (ＡＭＧ)
[2014-02-13T17:35:03+09:00]   modelCode  -> 20 (ＡＭＧ　Ａクラス)
[2014-02-13T17:35:03+09:00]   bodyType   -> 2 (コンパクトカー)
[2014-02-13T17:35:03+09:00] ERROR：【代表車種グレード】 代表車種グレードが1つも選ばれていません。
[2014-02-13T17:35:03+09:00]  makerCode -> 126 (アウディ)
[2014-02-13T17:35:03+09:00]  modelCode -> 59 (アウディ　Ａ３セダン)
[2014-02-13T17:35:03+09:00]  s2wdCarGradeID
[2014-02-13T17:35:03+09:00]   carGradeID -> 0
[2014-02-13T17:35:03+09:00]   makerCode  -> 
[2014-02-13T17:35:03+09:00]   modelCode  -> 
[2014-02-13T17:35:03+09:00]   bodyType   -> 
[2014-02-13T17:35:03+09:00]  s4wdCarGradeID
[2014-02-13T17:35:03+09:00]   carGradeID -> 0
[2014-02-13T17:35:03+09:00]   makerCode  -> 
[2014-02-13T17:35:03+09:00]   modelCode  -> 
[2014-02-13T17:35:03+09:00]   bodyType   -> 
[2014-02-13T17:35:03+09:00]  lowPriceCarGradeID
[2014-02-13T17:35:03+09:00]   carGradeID -> 0
[2014-02-13T17:35:03+09:00]   makerCode  -> 
[2014-02-13T17:35:03+09:00]   modelCode  -> 
[2014-02-13T17:35:03+09:00]   bodyType   -> 
[2014-02-13T17:35:03+09:00] ERROR：【代表車種グレード】 代表車種グレードが1つも選ばれていません。
[2014-02-13T17:35:03+09:00]  makerCode -> 126 (アウディ)
[2014-02-13T17:35:03+09:00]  modelCode -> 60 (アウディ　Ｓ３セダン)
[2014-02-13T17:35:03+09:00]  s2wdCarGradeID
[2014-02-13T17:35:03+09:00]   carGradeID -> 0
[2014-02-13T17:35:03+09:00]   makerCode  -> 
[2014-02-13T17:35:03+09:00]   modelCode  -> 
[2014-02-13T17:35:03+09:00]   bodyType   -> 
[2014-02-13T17:35:03+09:00]  s4wdCarGradeID
[2014-02-13T17:35:03+09:00]   carGradeID -> 0
[2014-02-13T17:35:03+09:00]   makerCode  -> 
[2014-02-13T17:35:03+09:00]   modelCode  -> 
[2014-02-13T17:35:03+09:00]   bodyType   -> 
[2014-02-13T17:35:03+09:00]  lowPriceCarGradeID
[2014-02-13T17:35:03+09:00]   carGradeID -> 0
[2014-02-13T17:35:03+09:00]   makerCode  -> 
[2014-02-13T17:35:03+09:00]   modelCode  -> 
[2014-02-13T17:35:03+09:00]   bodyType   -> 
[2014-02-13T17:35:03+09:00] ERROR：【代表車種グレード】 モデルチェンジなどのデータ入替により、代表車種グレードに選ばれている車種グレードが無くなりました。
[2014-02-13T17:35:03+09:00]  makerCode -> 128 (フォルクスワーゲン)
[2014-02-13T17:35:03+09:00]  modelCode -> 30 (フォルクスワーゲン　ゴルフバリアント)
[2014-02-13T17:35:03+09:00]  s2wdCarGradeID
[2014-02-13T17:35:03+09:00]   carGradeID -> 6668 [No data]
[2014-02-13T17:35:03+09:00]   makerCode  -> 
[2014-02-13T17:35:03+09:00]   modelCode  -> 
[2014-02-13T17:35:03+09:00]   bodyType   -> 
[2014-02-13T17:35:03+09:00]  s4wdCarGradeID
[2014-02-13T17:35:03+09:00]   carGradeID -> 0
[2014-02-13T17:35:03+09:00]   makerCode  -> 
[2014-02-13T17:35:03+09:00]   modelCode  -> 
[2014-02-13T17:35:03+09:00]   bodyType   -> 
[2014-02-13T17:35:03+09:00]  lowPriceCarGradeID
[2014-02-13T17:35:03+09:00]   carGradeID -> 7110 [No data]
[2014-02-13T17:35:03+09:00]   makerCode  -> 
[2014-02-13T17:35:03+09:00]   modelCode  -> 
[2014-02-13T17:35:03+09:00]   bodyType   -> 
[2014-02-13T17:35:03+09:00] ERROR：【代表車種グレード】 モデルチェンジなどのデータ入替により、代表車種グレードに選ばれている車種グレードが無くなりました。
[2014-02-13T17:35:03+09:00]  makerCode -> 104 (シボレー)
[2014-02-13T17:35:03+09:00]  modelCode -> 62 (シボレー　ソニック)
[2014-02-13T17:35:03+09:00]  s2wdCarGradeID
[2014-02-13T17:35:03+09:00]   carGradeID -> 7338
[2014-02-13T17:35:03+09:00]   makerCode  -> 104 (シボレー)
[2014-02-13T17:35:03+09:00]   modelCode  -> 62 (シボレー　ソニック)
[2014-02-13T17:35:03+09:00]   bodyType   -> 2 (コンパクトカー)
[2014-02-13T17:35:03+09:00]  s4wdCarGradeID
[2014-02-13T17:35:03+09:00]   carGradeID -> 0
[2014-02-13T17:35:03+09:00]   makerCode  -> 
[2014-02-13T17:35:03+09:00]   modelCode  -> 
[2014-02-13T17:35:03+09:00]   bodyType   -> 
[2014-02-13T17:35:03+09:00]  lowPriceCarGradeID
[2014-02-13T17:35:03+09:00]   carGradeID -> 6786 [No data]
[2014-02-13T17:35:03+09:00]   makerCode  -> 
[2014-02-13T17:35:03+09:00]   modelCode  -> 
[2014-02-13T17:35:03+09:00]   bodyType   -> 
[2014-02-13T17:35:03+09:00] ERROR：【代表車種グレード】 代表車種グレードが1つも選ばれていません。
[2014-02-13T17:35:03+09:00]  makerCode -> 106 (フォード)
[2014-02-13T17:35:03+09:00]  modelCode -> 36 (フォード　フィエスタ)
[2014-02-13T17:35:03+09:00]  s2wdCarGradeID
[2014-02-13T17:35:03+09:00]   carGradeID -> 0
[2014-02-13T17:35:03+09:00]   makerCode  -> 
[2014-02-13T17:35:03+09:00]   modelCode  -> 
[2014-02-13T17:35:03+09:00]   bodyType   -> 
[2014-02-13T17:35:03+09:00]  s4wdCarGradeID
[2014-02-13T17:35:03+09:00]   carGradeID -> 0
[2014-02-13T17:35:03+09:00]   makerCode  -> 
[2014-02-13T17:35:03+09:00]   modelCode  -> 
[2014-02-13T17:35:03+09:00]   bodyType   -> 
[2014-02-13T17:35:03+09:00]  lowPriceCarGradeID
[2014-02-13T17:35:03+09:00]   carGradeID -> 0
[2014-02-13T17:35:03+09:00]   makerCode  -> 
[2014-02-13T17:35:03+09:00]   modelCode  -> 
[2014-02-13T17:35:03+09:00]   bodyType   -> 
[2014-02-13T17:35:03+09:00] ERROR：【代表車種グレード】 モデルチェンジなどのデータ入替により、代表車種グレードに選ばれている車種グレードが無くなりました。
[2014-02-13T17:35:03+09:00]  makerCode -> 132 (プジョー)
[2014-02-13T17:35:03+09:00]  modelCode -> 38 (プジョー　２０８)
[2014-02-13T17:35:03+09:00]  s2wdCarGradeID
[2014-02-13T17:35:03+09:00]   carGradeID -> 8346 [No data]
[2014-02-13T17:35:03+09:00]   makerCode  -> 
[2014-02-13T17:35:03+09:00]   modelCode  -> 
[2014-02-13T17:35:03+09:00]   bodyType   -> 
[2014-02-13T17:35:03+09:00]  s4wdCarGradeID
[2014-02-13T17:35:03+09:00]   carGradeID -> 0
[2014-02-13T17:35:03+09:00]   makerCode  -> 
[2014-02-13T17:35:03+09:00]   modelCode  -> 
[2014-02-13T17:35:03+09:00]   bodyType   -> 
[2014-02-13T17:35:03+09:00]  lowPriceCarGradeID
[2014-02-13T17:35:03+09:00]   carGradeID -> 7640
[2014-02-13T17:35:03+09:00]   makerCode  -> 132 (プジョー)
[2014-02-13T17:35:03+09:00]   modelCode  -> 38 (プジョー　２０８)
[2014-02-13T17:35:03+09:00]   bodyType   -> 2 (コンパクトカー)
[2014-02-13T17:35:03+09:00] ERROR：【代表車種グレード】 代表車種グレードが1つも選ばれていません。
[2014-02-13T17:35:03+09:00]  makerCode -> 133 (ルノー)
[2014-02-13T17:35:03+09:00]  modelCode -> 30 (ルノー　キャプチャー)
[2014-02-13T17:35:03+09:00]  s2wdCarGradeID
[2014-02-13T17:35:03+09:00]   carGradeID -> 0
[2014-02-13T17:35:03+09:00]   makerCode  -> 
[2014-02-13T17:35:03+09:00]   modelCode  -> 
[2014-02-13T17:35:03+09:00]   bodyType   -> 
[2014-02-13T17:35:03+09:00]  s4wdCarGradeID
[2014-02-13T17:35:03+09:00]   carGradeID -> 0
[2014-02-13T17:35:03+09:00]   makerCode  -> 
[2014-02-13T17:35:03+09:00]   modelCode  -> 
[2014-02-13T17:35:03+09:00]   bodyType   -> 
[2014-02-13T17:35:03+09:00]  lowPriceCarGradeID
[2014-02-13T17:35:03+09:00]   carGradeID -> 0
[2014-02-13T17:35:03+09:00]   makerCode  -> 
[2014-02-13T17:35:03+09:00]   modelCode  -> 
[2014-02-13T17:35:03+09:00]   bodyType   -> 
[2014-02-13T17:35:03+09:00] ERROR：【代表車種グレード】 モデルチェンジなどのデータ入替により、代表車種グレードに選ばれている車種グレードが無くなりました。
[2014-02-13T17:35:03+09:00]  makerCode -> 133 (ルノー)
[2014-02-13T17:35:03+09:00]  modelCode -> 9 (ルノー　メガーヌ)
[2014-02-13T17:35:03+09:00]  s2wdCarGradeID
[2014-02-13T17:35:03+09:00]   carGradeID -> 8834 [No data]
[2014-02-13T17:35:03+09:00]   makerCode  -> 
[2014-02-13T17:35:03+09:00]   modelCode  -> 
[2014-02-13T17:35:03+09:00]   bodyType   -> 
[2014-02-13T17:35:03+09:00]  s4wdCarGradeID
[2014-02-13T17:35:03+09:00]   carGradeID -> 0
[2014-02-13T17:35:03+09:00]   makerCode  -> 
[2014-02-13T17:35:03+09:00]   modelCode  -> 
[2014-02-13T17:35:03+09:00]   bodyType   -> 
[2014-02-13T17:35:03+09:00]  lowPriceCarGradeID
[2014-02-13T17:35:03+09:00]   carGradeID -> 6514
[2014-02-13T17:35:03+09:00]   makerCode  -> 133 (ルノー)
[2014-02-13T17:35:03+09:00]   modelCode  -> 9 (ルノー　メガーヌ)
[2014-02-13T17:35:03+09:00]   bodyType   -> 2 (コンパクトカー)
[2014-02-13T17:35:03+09:00] ERROR：【代表車種グレード】 モデルチェンジなどのデータ入替により、代表車種グレードに選ばれている車種グレードが無くなりました。
[2014-02-13T17:35:03+09:00]  makerCode -> 135 (アルファロメオ)
[2014-02-13T17:35:03+09:00]  modelCode -> 28 (アルファロメオ　ジュリエッタ)
[2014-02-13T17:35:03+09:00]  s2wdCarGradeID
[2014-02-13T17:35:03+09:00]   carGradeID -> 7122
[2014-02-13T17:35:03+09:00]   makerCode  -> 135 (アルファロメオ)
[2014-02-13T17:35:03+09:00]   modelCode  -> 28 (アルファロメオ　ジュリエッタ)
[2014-02-13T17:35:03+09:00]   bodyType   -> 2 (コンパクトカー)
[2014-02-13T17:35:03+09:00]  s4wdCarGradeID
[2014-02-13T17:35:03+09:00]   carGradeID -> 0
[2014-02-13T17:35:03+09:00]   makerCode  -> 
[2014-02-13T17:35:03+09:00]   modelCode  -> 
[2014-02-13T17:35:03+09:00]   bodyType   -> 
[2014-02-13T17:35:03+09:00]  lowPriceCarGradeID
[2014-02-13T17:35:03+09:00]   carGradeID -> 8447 [No data]
[2014-02-13T17:35:03+09:00]   makerCode  -> 
[2014-02-13T17:35:03+09:00]   modelCode  -> 
[2014-02-13T17:35:03+09:00]   bodyType   -> 
[2014-02-13T17:35:03+09:00] ERROR：【代表車種グレード】 モデルチェンジなどのデータ入替により、代表車種グレードに選ばれている車種グレードが無くなりました。
[2014-02-13T17:35:03+09:00]  makerCode -> 135 (アルファロメオ)
[2014-02-13T17:35:03+09:00]  modelCode -> 26 (アルファロメオ　ミト)
[2014-02-13T17:35:03+09:00]  s2wdCarGradeID
[2014-02-13T17:35:03+09:00]   carGradeID -> 7119 [No data]
[2014-02-13T17:35:03+09:00]   makerCode  -> 
[2014-02-13T17:35:03+09:00]   modelCode  -> 
[2014-02-13T17:35:03+09:00]   bodyType   -> 
[2014-02-13T17:35:03+09:00]  s4wdCarGradeID
[2014-02-13T17:35:03+09:00]   carGradeID -> 0
[2014-02-13T17:35:03+09:00]   makerCode  -> 
[2014-02-13T17:35:03+09:00]   modelCode  -> 
[2014-02-13T17:35:03+09:00]   bodyType   -> 
[2014-02-13T17:35:03+09:00]  lowPriceCarGradeID
[2014-02-13T17:35:03+09:00]   carGradeID -> 6136
[2014-02-13T17:35:03+09:00]   makerCode  -> 135 (アルファロメオ)
[2014-02-13T17:35:03+09:00]   modelCode  -> 26 (アルファロメオ　ミト)
[2014-02-13T17:35:03+09:00]   bodyType   -> 2 (コンパクトカー)
[2014-02-13T17:35:03+09:00] ERROR：【バリュー(おすすめ車種)】 バリュー自動設定の選定基準から外れたため、該当バリューが設定されてません。
[2014-02-13T17:35:03+09:00]  themeID          -> 38 (100V電源付き)
[2014-02-13T17:35:03+09:00]  bodyType         -> 2 (コンパクトカー)
[2014-02-13T17:35:03+09:00]  makerCode        -> 177 (レクサス)
[2014-02-13T17:35:03+09:00]  modelCode        -> 216 (ＣＴ２００ｈ)
[2014-02-13T17:35:03+09:00]  s2wdCarGradeID
[2014-02-13T17:35:03+09:00]   carGradeID -> 7507
[2014-02-13T17:35:03+09:00]   makerCode  -> 177 (レクサス)
[2014-02-13T17:35:03+09:00]   modelCode  -> 216 (レクサス　ＣＴ２００ｈ)
[2014-02-13T17:35:03+09:00]   bodyType   -> 2 (コンパクトカー)
[2014-02-13T17:35:03+09:00]  s4wdCarGradeID
[2014-02-13T17:35:03+09:00]   carGradeID -> 0
[2014-02-13T17:35:03+09:00]   makerCode  -> 
[2014-02-13T17:35:03+09:00]   modelCode  -> 
[2014-02-13T17:35:03+09:00]   bodyType   -> 
[2014-02-13T17:35:03+09:00]  lowPriceCarGradeID
[2014-02-13T17:35:03+09:00]   carGradeID -> 7508
[2014-02-13T17:35:03+09:00]   makerCode  -> 177 (レクサス)
[2014-02-13T17:35:03+09:00]   modelCode  -> 216 (レクサス　ＣＴ２００ｈ)
[2014-02-13T17:35:03+09:00]   bodyType   -> 2 (コンパクトカー)
[2014-02-13T17:35:03+09:00] ERROR：【バリュー(おすすめ車種)】 バリュー自動設定の選定基準から外れたため、該当バリューが設定されてません。
[2014-02-13T17:35:03+09:00]  themeID          -> 38 (100V電源付き)
[2014-02-13T17:35:03+09:00]  bodyType         -> 8 (ワゴン)
[2014-02-13T17:35:03+09:00]  makerCode        -> 1 (トヨタ)
[2014-02-13T17:35:03+09:00]  modelCode        -> 225 (プリウスＰＨＶ)
[2014-02-13T17:35:03+09:00]  s2wdCarGradeID
[2014-02-13T17:35:03+09:00]   carGradeID -> 8769
[2014-02-13T17:35:03+09:00]   makerCode  -> 1 (トヨタ)
[2014-02-13T17:35:03+09:00]   modelCode  -> 225 (プリウスＰＨＶ)
[2014-02-13T17:35:03+09:00]   bodyType   -> 8 (ワゴン)
[2014-02-13T17:35:03+09:00]  s4wdCarGradeID
[2014-02-13T17:35:03+09:00]   carGradeID -> 0
[2014-02-13T17:35:03+09:00]   makerCode  -> 
[2014-02-13T17:35:03+09:00]   modelCode  -> 
[2014-02-13T17:35:03+09:00]   bodyType   -> 
[2014-02-13T17:35:03+09:00]  lowPriceCarGradeID
[2014-02-13T17:35:03+09:00]   carGradeID -> 8772
[2014-02-13T17:35:03+09:00]   makerCode  -> 1 (トヨタ)
[2014-02-13T17:35:03+09:00]   modelCode  -> 225 (プリウスＰＨＶ)
[2014-02-13T17:35:03+09:00]   bodyType   -> 8 (ワゴン)
[2014-02-13T17:35:03+09:00] ERROR：【バリュー(おすすめ車種)】 モデルチェンジなどのデータ入替により、代表車種グレードに選ばれている車種グレードが無くなりました。
[2014-02-13T17:35:03+09:00]  themeID          -> 9 (安全性が高い)
[2014-02-13T17:35:03+09:00]  bodyType         -> 3 (軽乗用車)
[2014-02-13T17:35:03+09:00]  makerCode        -> 3 (ホンダ)
[2014-02-13T17:35:03+09:00]  modelCode        -> 102 (Ｎ　ＢＯＸ)
[2014-02-13T17:35:03+09:00]  s2wdCarGradeID
[2014-02-13T17:35:03+09:00]   carGradeID -> 6920
[2014-02-13T17:35:03+09:00]   makerCode  -> 3 (ホンダ)
[2014-02-13T17:35:03+09:00]   modelCode  -> 102 (Ｎ　ＢＯＸ)
[2014-02-13T17:35:03+09:00]   bodyType   -> 3 (軽自動車)
[2014-02-13T17:35:03+09:00]  s4wdCarGradeID
[2014-02-13T17:35:03+09:00]   carGradeID -> 8358 [No data]
[2014-02-13T17:35:03+09:00]   makerCode  -> 
[2014-02-13T17:35:03+09:00]   modelCode  -> 
[2014-02-13T17:35:03+09:00]   bodyType   -> 
[2014-02-13T17:35:03+09:00]  lowPriceCarGradeID
[2014-02-13T17:35:03+09:00]   carGradeID -> 6918
[2014-02-13T17:35:03+09:00]   makerCode  -> 3 (ホンダ)
[2014-02-13T17:35:03+09:00]   modelCode  -> 102 (Ｎ　ＢＯＸ)
[2014-02-13T17:35:03+09:00]   bodyType   -> 3 (軽自動車)
[2014-02-13T17:35:03+09:00] ERROR：【バリュー(おすすめ車種)】 モデルチェンジなどのデータ入替により、代表車種グレードに選ばれている車種グレードが無くなりました。
[2014-02-13T17:35:03+09:00]  themeID          -> 3 (小回りが利く)
[2014-02-13T17:35:03+09:00]  bodyType         -> 3 (軽乗用車)
[2014-02-13T17:35:03+09:00]  makerCode        -> 3 (ホンダ)
[2014-02-13T17:35:03+09:00]  modelCode        -> 102 (Ｎ　ＢＯＸ)
[2014-02-13T17:35:03+09:00]  s2wdCarGradeID
[2014-02-13T17:35:03+09:00]   carGradeID -> 6920
[2014-02-13T17:35:03+09:00]   makerCode  -> 3 (ホンダ)
[2014-02-13T17:35:03+09:00]   modelCode  -> 102 (Ｎ　ＢＯＸ)
[2014-02-13T17:35:03+09:00]   bodyType   -> 3 (軽自動車)
[2014-02-13T17:35:03+09:00]  s4wdCarGradeID
[2014-02-13T17:35:03+09:00]   carGradeID -> 8358 [No data]
[2014-02-13T17:35:03+09:00]   makerCode  -> 
[2014-02-13T17:35:03+09:00]   modelCode  -> 
[2014-02-13T17:35:03+09:00]   bodyType   -> 
[2014-02-13T17:35:03+09:00]  lowPriceCarGradeID
[2014-02-13T17:35:03+09:00]   carGradeID -> 6918
[2014-02-13T17:35:03+09:00]   makerCode  -> 3 (ホンダ)
[2014-02-13T17:35:03+09:00]   modelCode  -> 102 (Ｎ　ＢＯＸ)
[2014-02-13T17:35:03+09:00]   bodyType   -> 3 (軽自動車)
[2014-02-13T17:35:03+09:00] ERROR：【バリュー(おすすめ車種)】 バリュー自動設定の選定基準から外れたため、該当バリューが設定されてません。
[2014-02-13T17:35:03+09:00]  themeID          -> 34 (7人以上の乗車が可能)
[2014-02-13T17:35:03+09:00]  bodyType         -> 8 (ワゴン)
[2014-02-13T17:35:03+09:00]  makerCode        -> 3 (ホンダ)
[2014-02-13T17:35:03+09:00]  modelCode        -> 16 (インサイト)
[2014-02-13T17:35:03+09:00]  s2wdCarGradeID
[2014-02-13T17:35:03+09:00]   carGradeID -> 4034
[2014-02-13T17:35:03+09:00]   makerCode  -> 3 (ホンダ)
[2014-02-13T17:35:03+09:00]   modelCode  -> 16 (インサイト)
[2014-02-13T17:35:03+09:00]   bodyType   -> 8 (ワゴン)
[2014-02-13T17:35:03+09:00]  s4wdCarGradeID
[2014-02-13T17:35:03+09:00]   carGradeID -> 0
[2014-02-13T17:35:03+09:00]   makerCode  -> 
[2014-02-13T17:35:03+09:00]   modelCode  -> 
[2014-02-13T17:35:03+09:00]   bodyType   -> 
[2014-02-13T17:35:03+09:00]  lowPriceCarGradeID
[2014-02-13T17:35:03+09:00]   carGradeID -> 4033
[2014-02-13T17:35:03+09:00]   makerCode  -> 3 (ホンダ)
[2014-02-13T17:35:03+09:00]   modelCode  -> 16 (インサイト)
[2014-02-13T17:35:03+09:00]   bodyType   -> 8 (ワゴン)
[2014-02-13T17:35:03+09:00] ERROR：【新型車チェック(active)】 モデルチェンジなどのデータ入替により、代表車種グレードに選ばれている車種グレードが無くなりました。
[2014-02-13T17:35:03+09:00]  makerCode -> 2 (日産)
[2014-02-13T17:35:03+09:00]  modelCode -> 13 (エルグランド)
[2014-02-13T17:35:03+09:00]  s2wdCarGradeID
[2014-02-13T17:35:03+09:00]   carGradeID -> 7838 [No data]
[2014-02-13T17:35:03+09:00]   makerCode  -> 
[2014-02-13T17:35:03+09:00]   modelCode  -> 
[2014-02-13T17:35:03+09:00]   bodyType   -> 
[2014-02-13T17:35:03+09:00]  s4wdCarGradeID
[2014-02-13T17:35:03+09:00]   carGradeID -> 7861 [No data]
[2014-02-13T17:35:03+09:00]   makerCode  -> 
[2014-02-13T17:35:03+09:00]   modelCode  -> 
[2014-02-13T17:35:03+09:00]   bodyType   -> 
[2014-02-13T17:35:03+09:00]  lowPriceCarGradeID
[2014-02-13T17:35:03+09:00]   carGradeID -> 7841 [No data]
[2014-02-13T17:35:03+09:00]   makerCode  -> 
[2014-02-13T17:35:03+09:00]   modelCode  -> 
[2014-02-13T17:35:03+09:00]   bodyType   -> 
[2014-02-13T17:35:03+09:00] ERROR：【新型車チェック(active)】 モデルチェンジなどのデータ入替により、代表車種グレードに選ばれている車種グレードが無くなりました。
[2014-02-13T17:35:03+09:00]  makerCode -> 7 (スバル)
[2014-02-13T17:35:03+09:00]  modelCode -> 3 (インプレッサ)
[2014-02-13T17:35:03+09:00]  s2wdCarGradeID
[2014-02-13T17:35:03+09:00]   carGradeID -> 0
[2014-02-13T17:35:03+09:00]   makerCode  -> 
[2014-02-13T17:35:03+09:00]   modelCode  -> 
[2014-02-13T17:35:03+09:00]   bodyType   -> 
[2014-02-13T17:35:03+09:00]  s4wdCarGradeID
[2014-02-13T17:35:03+09:00]   carGradeID -> 8502 [No data]
[2014-02-13T17:35:03+09:00]   makerCode  -> 
[2014-02-13T17:35:03+09:00]   modelCode  -> 
[2014-02-13T17:35:03+09:00]   bodyType   -> 
[2014-02-13T17:35:03+09:00]  lowPriceCarGradeID
[2014-02-13T17:35:03+09:00]   carGradeID -> 5701
[2014-02-13T17:35:03+09:00]   makerCode  -> 7 (スバル)
[2014-02-13T17:35:03+09:00]   modelCode  -> 3 (インプレッサ)
[2014-02-13T17:35:03+09:00]   bodyType   -> 1 (セダン)
[2014-02-13T17:35:03+09:00] ERROR：【新型車チェック(work)】 モデルチェンジなどのデータ入替により、代表車種グレードに選ばれている車種グレードが無くなりました。
[2014-02-13T17:35:03+09:00]  makerCode -> 2 (日産)
[2014-02-13T17:35:03+09:00]  modelCode -> 13 (エルグランド)
[2014-02-13T17:35:03+09:00]  s2wdCarGradeID
[2014-02-13T17:35:03+09:00]   carGradeID -> 7838 [No data]
[2014-02-13T17:35:03+09:00]   makerCode  -> 
[2014-02-13T17:35:03+09:00]   modelCode  -> 
[2014-02-13T17:35:03+09:00]   bodyType   -> 
[2014-02-13T17:35:03+09:00]  s4wdCarGradeID
[2014-02-13T17:35:03+09:00]   carGradeID -> 7861 [No data]
[2014-02-13T17:35:03+09:00]   makerCode  -> 
[2014-02-13T17:35:03+09:00]   modelCode  -> 
[2014-02-13T17:35:03+09:00]   bodyType   -> 
[2014-02-13T17:35:03+09:00]  lowPriceCarGradeID
[2014-02-13T17:35:03+09:00]   carGradeID -> 7841 [No data]
[2014-02-13T17:35:03+09:00]   makerCode  -> 
[2014-02-13T17:35:03+09:00]   modelCode  -> 
[2014-02-13T17:35:03+09:00]   bodyType   -> 
[2014-02-13T17:35:03+09:00] ERROR：【新型車チェック(work)】 モデルチェンジなどのデータ入替により、代表車種グレードに選ばれている車種グレードが無くなりました。
[2014-02-13T17:35:03+09:00]  makerCode -> 7 (スバル)
[2014-02-13T17:35:03+09:00]  modelCode -> 3 (インプレッサ)
[2014-02-13T17:35:03+09:00]  s2wdCarGradeID
[2014-02-13T17:35:03+09:00]   carGradeID -> 0
[2014-02-13T17:35:03+09:00]   makerCode  -> 
[2014-02-13T17:35:03+09:00]   modelCode  -> 
[2014-02-13T17:35:03+09:00]   bodyType   -> 
[2014-02-13T17:35:03+09:00]  s4wdCarGradeID
[2014-02-13T17:35:03+09:00]   carGradeID -> 8502 [No data]
[2014-02-13T17:35:03+09:00]   makerCode  -> 
[2014-02-13T17:35:03+09:00]   modelCode  -> 
[2014-02-13T17:35:03+09:00]   bodyType   -> 
[2014-02-13T17:35:03+09:00]  lowPriceCarGradeID
[2014-02-13T17:35:03+09:00]   carGradeID -> 5701
[2014-02-13T17:35:03+09:00]   makerCode  -> 7 (スバル)
[2014-02-13T17:35:03+09:00]   modelCode  -> 3 (インプレッサ)
[2014-02-13T17:35:03+09:00]   bodyType   -> 1 (セダン)
[2014-02-13T17:35:03+09:00] END
