[2014-01-10T12:06:05+09:00] START
[2014-01-10T12:06:05+09:00] ERROR：【代表車種グレード】 代表車種グレードが設定されていません。(グレードデータなし)
[2014-01-10T12:06:05+09:00]  makerCode -> 8 (スズキ)
[2014-01-10T12:06:05+09:00]  modelCode -> 24 (セルボ)
[2014-01-10T12:06:05+09:00]  s2wdCarGradeID
[2014-01-10T12:06:05+09:00]   carGradeID -> 0
[2014-01-10T12:06:05+09:00]   makerCode  -> 
[2014-01-10T12:06:05+09:00]   modelCode  -> 
[2014-01-10T12:06:05+09:00]   bodyType   -> 
[2014-01-10T12:06:05+09:00]  s4wdCarGradeID
[2014-01-10T12:06:05+09:00]   carGradeID -> 0
[2014-01-10T12:06:05+09:00]   makerCode  -> 
[2014-01-10T12:06:05+09:00]   modelCode  -> 
[2014-01-10T12:06:05+09:00]   bodyType   -> 
[2014-01-10T12:06:05+09:00]  lowPriceCarGradeID
[2014-01-10T12:06:05+09:00]   carGradeID -> 0
[2014-01-10T12:06:05+09:00]   makerCode  -> 
[2014-01-10T12:06:05+09:00]   modelCode  -> 
[2014-01-10T12:06:05+09:00]   bodyType   -> 
[2014-01-10T12:06:05+09:00] ERROR：【代表車種グレード】 代表車種グレードが設定されていません。(グレードデータなし)
[2014-01-10T12:06:05+09:00]  makerCode -> 126 (アウディ)
[2014-01-10T12:06:05+09:00]  modelCode -> 4 (アウディ　Ａ３)
[2014-01-10T12:06:05+09:00]  s2wdCarGradeID
[2014-01-10T12:06:05+09:00]   carGradeID -> 0
[2014-01-10T12:06:05+09:00]   makerCode  -> 
[2014-01-10T12:06:05+09:00]   modelCode  -> 
[2014-01-10T12:06:05+09:00]   bodyType   -> 
[2014-01-10T12:06:05+09:00]  s4wdCarGradeID
[2014-01-10T12:06:05+09:00]   carGradeID -> 0
[2014-01-10T12:06:05+09:00]   makerCode  -> 
[2014-01-10T12:06:05+09:00]   modelCode  -> 
[2014-01-10T12:06:05+09:00]   bodyType   -> 
[2014-01-10T12:06:05+09:00]  lowPriceCarGradeID
[2014-01-10T12:06:05+09:00]   carGradeID -> 0
[2014-01-10T12:06:05+09:00]   makerCode  -> 
[2014-01-10T12:06:05+09:00]   modelCode  -> 
[2014-01-10T12:06:05+09:00]   bodyType   -> 
[2014-01-10T12:06:05+09:00] ERROR：【代表車種グレード】 代表車種グレードが設定されていません。(グレードデータなし)
[2014-01-10T12:06:05+09:00]  makerCode -> 126 (アウディ)
[2014-01-10T12:06:06+09:00]  modelCode -> 40 (アウディ　ＴＴ　ＲＳ)
[2014-01-10T12:06:06+09:00]  s2wdCarGradeID
[2014-01-10T12:06:06+09:00]   carGradeID -> 0
[2014-01-10T12:06:06+09:00]   makerCode  -> 
[2014-01-10T12:06:06+09:00]   modelCode  -> 
[2014-01-10T12:06:06+09:00]   bodyType   -> 
[2014-01-10T12:06:06+09:00]  s4wdCarGradeID
[2014-01-10T12:06:06+09:00]   carGradeID -> 0
[2014-01-10T12:06:06+09:00]   makerCode  -> 
[2014-01-10T12:06:06+09:00]   modelCode  -> 
[2014-01-10T12:06:06+09:00]   bodyType   -> 
[2014-01-10T12:06:06+09:00]  lowPriceCarGradeID
[2014-01-10T12:06:06+09:00]   carGradeID -> 0
[2014-01-10T12:06:06+09:00]   makerCode  -> 
[2014-01-10T12:06:06+09:00]   modelCode  -> 
[2014-01-10T12:06:06+09:00]   bodyType   -> 
[2014-01-10T12:06:06+09:00] ERROR：【代表車種グレード】 代表車種グレードが設定されていません。(グレードデータなし)
[2014-01-10T12:06:06+09:00]  makerCode -> 118 (ランドローバー)
[2014-01-10T12:06:06+09:00]  modelCode -> 7 (ランドローバー　レンジローバーヴォーグ)
[2014-01-10T12:06:06+09:00]  s2wdCarGradeID
[2014-01-10T12:06:06+09:00]   carGradeID -> 0
[2014-01-10T12:06:06+09:00]   makerCode  -> 
[2014-01-10T12:06:06+09:00]   modelCode  -> 
[2014-01-10T12:06:06+09:00]   bodyType   -> 
[2014-01-10T12:06:06+09:00]  s4wdCarGradeID
[2014-01-10T12:06:06+09:00]   carGradeID -> 0
[2014-01-10T12:06:06+09:00]   makerCode  -> 
[2014-01-10T12:06:06+09:00]   modelCode  -> 
[2014-01-10T12:06:06+09:00]   bodyType   -> 
[2014-01-10T12:06:06+09:00]  lowPriceCarGradeID
[2014-01-10T12:06:06+09:00]   carGradeID -> 0
[2014-01-10T12:06:06+09:00]   makerCode  -> 
[2014-01-10T12:06:06+09:00]   modelCode  -> 
[2014-01-10T12:06:06+09:00]   bodyType   -> 
[2014-01-10T12:06:06+09:00] ERROR：【代表車種グレード】 代表車種グレードが設定されていません。(グレードデータなし)
[2014-01-10T12:06:06+09:00]  makerCode -> 141 (サーブ)
[2014-01-10T12:06:06+09:00]  modelCode -> 5 (サーブ　９－５　エステート)
[2014-01-10T12:06:06+09:00]  s2wdCarGradeID
[2014-01-10T12:06:06+09:00]   carGradeID -> 0
[2014-01-10T12:06:06+09:00]   makerCode  -> 
[2014-01-10T12:06:06+09:00]   modelCode  -> 
[2014-01-10T12:06:06+09:00]   bodyType   -> 
[2014-01-10T12:06:06+09:00]  s4wdCarGradeID
[2014-01-10T12:06:06+09:00]   carGradeID -> 0
[2014-01-10T12:06:06+09:00]   makerCode  -> 
[2014-01-10T12:06:06+09:00]   modelCode  -> 
[2014-01-10T12:06:06+09:00]   bodyType   -> 
[2014-01-10T12:06:06+09:00]  lowPriceCarGradeID
[2014-01-10T12:06:06+09:00]   carGradeID -> 0
[2014-01-10T12:06:06+09:00]   makerCode  -> 
[2014-01-10T12:06:06+09:00]   modelCode  -> 
[2014-01-10T12:06:06+09:00]   bodyType   -> 
[2014-01-10T12:06:06+09:00] ERROR：【代表車種グレード】 代表車種グレードが設定されていません。(グレードデータなし)
[2014-01-10T12:06:06+09:00]  makerCode -> 999 (テスト)
[2014-01-10T12:06:06+09:00]  modelCode -> 1 (test)
[2014-01-10T12:06:06+09:00]  s2wdCarGradeID
[2014-01-10T12:06:06+09:00]   carGradeID -> 0
[2014-01-10T12:06:06+09:00]   makerCode  -> 
[2014-01-10T12:06:06+09:00]   modelCode  -> 
[2014-01-10T12:06:06+09:00]   bodyType   -> 
[2014-01-10T12:06:06+09:00]  s4wdCarGradeID
[2014-01-10T12:06:06+09:00]   carGradeID -> 0
[2014-01-10T12:06:06+09:00]   makerCode  -> 
[2014-01-10T12:06:06+09:00]   modelCode  -> 
[2014-01-10T12:06:06+09:00]   bodyType   -> 
[2014-01-10T12:06:06+09:00]  lowPriceCarGradeID
[2014-01-10T12:06:06+09:00]   carGradeID -> 0
[2014-01-10T12:06:06+09:00]   makerCode  -> 
[2014-01-10T12:06:06+09:00]   modelCode  -> 
[2014-01-10T12:06:06+09:00]   bodyType   -> 
[2014-01-10T12:06:06+09:00] END
