[2014-03-17T19:25:46+09:00] START
[2014-03-17T19:25:46+09:00] ERROR：【代表車種グレード】 代表車種グレードが1つも選ばれていません。
[2014-03-17T19:25:46+09:00]  makerCode -> 1 (トヨタ)
[2014-03-17T19:25:46+09:00]  modelCode -> 134 (タウンエースバン)
[2014-03-17T19:25:46+09:00]  s2wdCarGradeID
[2014-03-17T19:25:46+09:00]   carGradeID -> 0
[2014-03-17T19:25:46+09:00]   makerCode  -> 
[2014-03-17T19:25:46+09:00]   modelCode  -> 
[2014-03-17T19:25:46+09:00]   bodyType   -> 
[2014-03-17T19:25:46+09:00]  s4wdCarGradeID
[2014-03-17T19:25:46+09:00]   carGradeID -> 0
[2014-03-17T19:25:46+09:00]   makerCode  -> 
[2014-03-17T19:25:46+09:00]   modelCode  -> 
[2014-03-17T19:25:46+09:00]   bodyType   -> 
[2014-03-17T19:25:46+09:00]  lowPriceCarGradeID
[2014-03-17T19:25:46+09:00]   carGradeID -> 0
[2014-03-17T19:25:46+09:00]   makerCode  -> 
[2014-03-17T19:25:46+09:00]   modelCode  -> 
[2014-03-17T19:25:46+09:00]   bodyType   -> 
[2014-03-17T19:25:46+09:00] ERROR：【代表車種グレード】 代表車種グレードが1つも選ばれていません。
[2014-03-17T19:25:46+09:00]  makerCode -> 1 (トヨタ)
[2014-03-17T19:25:46+09:00]  modelCode -> 132 (ライトエースバン)
[2014-03-17T19:25:46+09:00]  s2wdCarGradeID
[2014-03-17T19:25:46+09:00]   carGradeID -> 0
[2014-03-17T19:25:46+09:00]   makerCode  -> 
[2014-03-17T19:25:46+09:00]   modelCode  -> 
[2014-03-17T19:25:46+09:00]   bodyType   -> 
[2014-03-17T19:25:46+09:00]  s4wdCarGradeID
[2014-03-17T19:25:46+09:00]   carGradeID -> 0
[2014-03-17T19:25:46+09:00]   makerCode  -> 
[2014-03-17T19:25:46+09:00]   modelCode  -> 
[2014-03-17T19:25:46+09:00]   bodyType   -> 
[2014-03-17T19:25:46+09:00]  lowPriceCarGradeID
[2014-03-17T19:25:46+09:00]   carGradeID -> 0
[2014-03-17T19:25:46+09:00]   makerCode  -> 
[2014-03-17T19:25:46+09:00]   modelCode  -> 
[2014-03-17T19:25:46+09:00]   bodyType   -> 
[2014-03-17T19:25:46+09:00] ERROR：【代表車種グレード】 代表車種グレードが1つも選ばれていません。
[2014-03-17T19:25:46+09:00]  makerCode -> 1 (トヨタ)
[2014-03-17T19:25:46+09:00]  modelCode -> 110 (レジアスエースバン)
[2014-03-17T19:25:46+09:00]  s2wdCarGradeID
[2014-03-17T19:25:46+09:00]   carGradeID -> 0
[2014-03-17T19:25:46+09:00]   makerCode  -> 
[2014-03-17T19:25:46+09:00]   modelCode  -> 
[2014-03-17T19:25:46+09:00]   bodyType   -> 
[2014-03-17T19:25:46+09:00]  s4wdCarGradeID
[2014-03-17T19:25:46+09:00]   carGradeID -> 0
[2014-03-17T19:25:46+09:00]   makerCode  -> 
[2014-03-17T19:25:46+09:00]   modelCode  -> 
[2014-03-17T19:25:46+09:00]   bodyType   -> 
[2014-03-17T19:25:46+09:00]  lowPriceCarGradeID
[2014-03-17T19:25:46+09:00]   carGradeID -> 0
[2014-03-17T19:25:46+09:00]   makerCode  -> 
[2014-03-17T19:25:46+09:00]   modelCode  -> 
[2014-03-17T19:25:46+09:00]   bodyType   -> 
[2014-03-17T19:25:46+09:00] ERROR：【代表車種グレード】 代表車種グレードが1つも選ばれていません。
[2014-03-17T19:25:46+09:00]  makerCode -> 2 (日産)
[2014-03-17T19:25:46+09:00]  modelCode -> 173 (デイズ　ルークス)
[2014-03-17T19:25:46+09:00]  s2wdCarGradeID
[2014-03-17T19:25:46+09:00]   carGradeID -> 0
[2014-03-17T19:25:46+09:00]   makerCode  -> 
[2014-03-17T19:25:46+09:00]   modelCode  -> 
[2014-03-17T19:25:46+09:00]   bodyType   -> 
[2014-03-17T19:25:46+09:00]  s4wdCarGradeID
[2014-03-17T19:25:46+09:00]   carGradeID -> 0
[2014-03-17T19:25:46+09:00]   makerCode  -> 
[2014-03-17T19:25:46+09:00]   modelCode  -> 
[2014-03-17T19:25:46+09:00]   bodyType   -> 
[2014-03-17T19:25:46+09:00]  lowPriceCarGradeID
[2014-03-17T19:25:46+09:00]   carGradeID -> 0
[2014-03-17T19:25:46+09:00]   makerCode  -> 
[2014-03-17T19:25:46+09:00]   modelCode  -> 
[2014-03-17T19:25:46+09:00]   bodyType   -> 
[2014-03-17T19:25:46+09:00] ERROR：【代表車種グレード】 代表車種グレードが1つも選ばれていません。
[2014-03-17T19:25:46+09:00]  makerCode -> 2 (日産)
[2014-03-17T19:25:46+09:00]  modelCode -> 97 (バネットバン)
[2014-03-17T19:25:46+09:00]  s2wdCarGradeID
[2014-03-17T19:25:46+09:00]   carGradeID -> 0
[2014-03-17T19:25:46+09:00]   makerCode  -> 
[2014-03-17T19:25:46+09:00]   modelCode  -> 
[2014-03-17T19:25:46+09:00]   bodyType   -> 
[2014-03-17T19:25:46+09:00]  s4wdCarGradeID
[2014-03-17T19:25:46+09:00]   carGradeID -> 0
[2014-03-17T19:25:46+09:00]   makerCode  -> 
[2014-03-17T19:25:46+09:00]   modelCode  -> 
[2014-03-17T19:25:46+09:00]   bodyType   -> 
[2014-03-17T19:25:46+09:00]  lowPriceCarGradeID
[2014-03-17T19:25:46+09:00]   carGradeID -> 0
[2014-03-17T19:25:46+09:00]   makerCode  -> 
[2014-03-17T19:25:46+09:00]   modelCode  -> 
[2014-03-17T19:25:46+09:00]   bodyType   -> 
[2014-03-17T19:25:46+09:00] ERROR：【代表車種グレード】 代表車種グレードが1つも選ばれていません。
[2014-03-17T19:25:46+09:00]  makerCode -> 2 (日産)
[2014-03-17T19:25:46+09:00]  modelCode -> 154 (ＮＶ２００バネット)
[2014-03-17T19:25:46+09:00]  s2wdCarGradeID
[2014-03-17T19:25:46+09:00]   carGradeID -> 0
[2014-03-17T19:25:46+09:00]   makerCode  -> 
[2014-03-17T19:25:46+09:00]   modelCode  -> 
[2014-03-17T19:25:46+09:00]   bodyType   -> 
[2014-03-17T19:25:46+09:00]  s4wdCarGradeID
[2014-03-17T19:25:46+09:00]   carGradeID -> 0
[2014-03-17T19:25:46+09:00]   makerCode  -> 
[2014-03-17T19:25:46+09:00]   modelCode  -> 
[2014-03-17T19:25:46+09:00]   bodyType   -> 
[2014-03-17T19:25:46+09:00]  lowPriceCarGradeID
[2014-03-17T19:25:46+09:00]   carGradeID -> 0
[2014-03-17T19:25:46+09:00]   makerCode  -> 
[2014-03-17T19:25:46+09:00]   modelCode  -> 
[2014-03-17T19:25:46+09:00]   bodyType   -> 
[2014-03-17T19:25:46+09:00] ERROR：【代表車種グレード】 代表車種グレードが1つも選ばれていません。
[2014-03-17T19:25:46+09:00]  makerCode -> 5 (マツダ)
[2014-03-17T19:25:46+09:00]  modelCode -> 152 (フレアクロスオーバー)
[2014-03-17T19:25:46+09:00]  s2wdCarGradeID
[2014-03-17T19:25:46+09:00]   carGradeID -> 0
[2014-03-17T19:25:46+09:00]   makerCode  -> 
[2014-03-17T19:25:46+09:00]   modelCode  -> 
[2014-03-17T19:25:46+09:00]   bodyType   -> 
[2014-03-17T19:25:46+09:00]  s4wdCarGradeID
[2014-03-17T19:25:46+09:00]   carGradeID -> 0
[2014-03-17T19:25:46+09:00]   makerCode  -> 
[2014-03-17T19:25:46+09:00]   modelCode  -> 
[2014-03-17T19:25:46+09:00]   bodyType   -> 
[2014-03-17T19:25:46+09:00]  lowPriceCarGradeID
[2014-03-17T19:25:46+09:00]   carGradeID -> 0
[2014-03-17T19:25:46+09:00]   makerCode  -> 
[2014-03-17T19:25:46+09:00]   modelCode  -> 
[2014-03-17T19:25:46+09:00]   bodyType   -> 
[2014-03-17T19:25:46+09:00] ERROR：【代表車種グレード】 代表車種グレードが1つも選ばれていません。
[2014-03-17T19:25:46+09:00]  makerCode -> 128 (フォルクスワーゲン)
[2014-03-17T19:25:46+09:00]  modelCode -> 30 (ゴルフバリアント)
[2014-03-17T19:25:46+09:00]  s2wdCarGradeID
[2014-03-17T19:25:46+09:00]   carGradeID -> 0
[2014-03-17T19:25:46+09:00]   makerCode  -> 
[2014-03-17T19:25:46+09:00]   modelCode  -> 
[2014-03-17T19:25:46+09:00]   bodyType   -> 
[2014-03-17T19:25:46+09:00]  s4wdCarGradeID
[2014-03-17T19:25:46+09:00]   carGradeID -> 0
[2014-03-17T19:25:46+09:00]   makerCode  -> 
[2014-03-17T19:25:46+09:00]   modelCode  -> 
[2014-03-17T19:25:46+09:00]   bodyType   -> 
[2014-03-17T19:25:46+09:00]  lowPriceCarGradeID
[2014-03-17T19:25:46+09:00]   carGradeID -> 0
[2014-03-17T19:25:46+09:00]   makerCode  -> 
[2014-03-17T19:25:46+09:00]   modelCode  -> 
[2014-03-17T19:25:46+09:00]   bodyType   -> 
[2014-03-17T19:25:46+09:00] ERROR：【代表車種グレード】 代表車種グレードが1つも選ばれていません。
[2014-03-17T19:25:46+09:00]  makerCode -> 126 (アウディ)
[2014-03-17T19:25:46+09:00]  modelCode -> 59 (Ａ３セダン)
[2014-03-17T19:25:46+09:00]  s2wdCarGradeID
[2014-03-17T19:25:46+09:00]   carGradeID -> 0
[2014-03-17T19:25:46+09:00]   makerCode  -> 
[2014-03-17T19:25:46+09:00]   modelCode  -> 
[2014-03-17T19:25:46+09:00]   bodyType   -> 
[2014-03-17T19:25:46+09:00]  s4wdCarGradeID
[2014-03-17T19:25:46+09:00]   carGradeID -> 0
[2014-03-17T19:25:46+09:00]   makerCode  -> 
[2014-03-17T19:25:46+09:00]   modelCode  -> 
[2014-03-17T19:25:46+09:00]   bodyType   -> 
[2014-03-17T19:25:46+09:00]  lowPriceCarGradeID
[2014-03-17T19:25:46+09:00]   carGradeID -> 0
[2014-03-17T19:25:46+09:00]   makerCode  -> 
[2014-03-17T19:25:46+09:00]   modelCode  -> 
[2014-03-17T19:25:46+09:00]   bodyType   -> 
[2014-03-17T19:25:46+09:00] ERROR：【代表車種グレード】 代表車種グレードが1つも選ばれていません。
[2014-03-17T19:25:46+09:00]  makerCode -> 126 (アウディ)
[2014-03-17T19:25:46+09:00]  modelCode -> 60 (Ｓ３セダン)
[2014-03-17T19:25:46+09:00]  s2wdCarGradeID
[2014-03-17T19:25:46+09:00]   carGradeID -> 0
[2014-03-17T19:25:46+09:00]   makerCode  -> 
[2014-03-17T19:25:46+09:00]   modelCode  -> 
[2014-03-17T19:25:46+09:00]   bodyType   -> 
[2014-03-17T19:25:46+09:00]  s4wdCarGradeID
[2014-03-17T19:25:46+09:00]   carGradeID -> 0
[2014-03-17T19:25:46+09:00]   makerCode  -> 
[2014-03-17T19:25:46+09:00]   modelCode  -> 
[2014-03-17T19:25:46+09:00]   bodyType   -> 
[2014-03-17T19:25:46+09:00]  lowPriceCarGradeID
[2014-03-17T19:25:46+09:00]   carGradeID -> 0
[2014-03-17T19:25:46+09:00]   makerCode  -> 
[2014-03-17T19:25:46+09:00]   modelCode  -> 
[2014-03-17T19:25:46+09:00]   bodyType   -> 
[2014-03-17T19:25:46+09:00] ERROR：【新型車チェック(active)】 モデルチェンジなどのデータ入替により、代表車種グレードに選ばれている車種グレードが無くなりました。
[2014-03-17T19:25:46+09:00]  makerCode -> 2 (日産)
[2014-03-17T19:25:46+09:00]  modelCode -> 13 (エルグランド)
[2014-03-17T19:25:46+09:00]  s2wdCarGradeID
[2014-03-17T19:25:46+09:00]   carGradeID -> 7838 [No data]
[2014-03-17T19:25:46+09:00]   makerCode  -> 
[2014-03-17T19:25:46+09:00]   modelCode  -> 
[2014-03-17T19:25:46+09:00]   bodyType   -> 
[2014-03-17T19:25:46+09:00]  s4wdCarGradeID
[2014-03-17T19:25:46+09:00]   carGradeID -> 7861 [No data]
[2014-03-17T19:25:46+09:00]   makerCode  -> 
[2014-03-17T19:25:46+09:00]   modelCode  -> 
[2014-03-17T19:25:46+09:00]   bodyType   -> 
[2014-03-17T19:25:46+09:00]  lowPriceCarGradeID
[2014-03-17T19:25:46+09:00]   carGradeID -> 7841 [No data]
[2014-03-17T19:25:46+09:00]   makerCode  -> 
[2014-03-17T19:25:46+09:00]   modelCode  -> 
[2014-03-17T19:25:46+09:00]   bodyType   -> 
[2014-03-17T19:25:46+09:00] ERROR：【新型車チェック(active)】 モデルチェンジなどのデータ入替により、代表車種グレードに選ばれている車種グレードが無くなりました。
[2014-03-17T19:25:46+09:00]  makerCode -> 7 (スバル)
[2014-03-17T19:25:46+09:00]  modelCode -> 3 (インプレッサ)
[2014-03-17T19:25:46+09:00]  s2wdCarGradeID
[2014-03-17T19:25:46+09:00]   carGradeID -> 0
[2014-03-17T19:25:46+09:00]   makerCode  -> 
[2014-03-17T19:25:46+09:00]   modelCode  -> 
[2014-03-17T19:25:46+09:00]   bodyType   -> 
[2014-03-17T19:25:46+09:00]  s4wdCarGradeID
[2014-03-17T19:25:46+09:00]   carGradeID -> 8502 [No data]
[2014-03-17T19:25:46+09:00]   makerCode  -> 
[2014-03-17T19:25:46+09:00]   modelCode  -> 
[2014-03-17T19:25:46+09:00]   bodyType   -> 
[2014-03-17T19:25:46+09:00]  lowPriceCarGradeID
[2014-03-17T19:25:46+09:00]   carGradeID -> 5701
[2014-03-17T19:25:46+09:00]   makerCode  -> 7 (スバル)
[2014-03-17T19:25:46+09:00]   modelCode  -> 3 (インプレッサ)
[2014-03-17T19:25:46+09:00]   bodyType   -> 1 (セダン)
[2014-03-17T19:25:46+09:00] END
