/bg/changePassword
	KEYWORD="クルマ, 自動車, 車種, オートリース, 仕様, スペック, 諸元, ランキング, 比較"
	ERRER="user"

http,/bg/changePassword
	TITLE = "Car sagacité [カー サガシティ] 三菱オートリースの車種比較サイト"
	H1="気になるクルマをランキングから選んで比べよう! 三菱オートリースの車種比較サイト Car sagacité [カー サガシティ] では、ビジネスのクルマ選びをお手伝いします。"
	DESCRIPTION="気になるクルマをランキングから選んで比べよう! 三菱オートリースの車種比較サイト Car sagacité [カー サガシティ] では、ビジネスのクルマ選びをお手伝いします。"

https,/bg/changePassword
	TITLE = "Car sagacité+ [カー サガシティ+] 三菱オートリースの車種比較サイト"
	H1="気になるクルマをランキングから選んで比べよう! 三菱オートリースの車種比較サイト Car sagacité+ [カー サガシティ+] では、ビジネスのクルマ選びをお手伝いします。"
	DESCRIPTION="気になるクルマをランキングから選んで比べよう! 三菱オートリースの車種比較サイト Car sagacité+ [カー サガシティ+] では、ビジネスのクルマ選びをお手伝いします。"



/bg/changePassword/pu
	KEYWORD="クルマ, 自動車, 車種, オートリース, 仕様, スペック, 諸元, ランキング, 比較"
	ERRER="user"

http,/bg/changePassword/pu
	TITLE = "Car sagacité [カー サガシティ] 三菱オートリースの車種比較サイト"
	H1="気になるクルマをランキングから選んで比べよう! 三菱オートリースの車種比較サイト Car sagacité [カー サガシティ] では、ビジネスのクルマ選びをお手伝いします。"
	DESCRIPTION="気になるクルマをランキングから選んで比べよう! 三菱オートリースの車種比較サイト Car sagacité [カー サガシティ] では、ビジネスのクルマ選びをお手伝いします。"

https,/bg/changePassword/pu
	TITLE = "Car sagacité+ [カー サガシティ+] 三菱オートリースの車種比較サイト"
	H1="気になるクルマをランキングから選んで比べよう! 三菱オートリースの車種比較サイト Car sagacité+ [カー サガシティ+] では、ビジネスのクルマ選びをお手伝いします。"
	DESCRIPTION="気になるクルマをランキングから選んで比べよう! 三菱オートリースの車種比較サイト Car sagacité+ [カー サガシティ+] では、ビジネスのクルマ選びをお手伝いします。"

